Check DB result: 0
Examine DB result: 0
The database is modified
Start Parsing: 18:39:47
Phase 1: 18:39:47
Phase 2: 18:39:47
Start Parsing: 18:39:47
Phase 1: 18:39:47
Phase 2: 18:39:47
Reading custom_data succeeded.
Start to parse the custom NVRAM DATA!
NVRAM ID:AP_CFG_CUSTOM_FILE_GPS_LID in original Database is replaced!
NVRAM ID:AP_CFG_RDCL_BWCS_LID in original Database is replaced!
NVRAM ID:AP_CFG_RDCL_CAMERA_3A_LID in original Database is replaced!
NVRAM ID:AP_CFG_RDCL_CAMERA_DEFECT_LID in original Database is replaced!
NVRAM ID:AP_CFG_RDCL_CAMERA_LENS_LID in original Database is replaced!
NVRAM ID:AP_CFG_RDCL_CAMERA_PARA_LID in original Database is replaced!
NVRAM ID:AP_CFG_RDCL_CAMERA_SENSOR_LID in original Database is replaced!
NVRAM ID:AP_CFG_RDCL_CAMERA_SHADING_LID in original Database is replaced!
NVRAM ID:AP_CFG_RDCL_FACTORY_LID in original Database is replaced!
NVRAM ID:AP_CFG_RDCL_FILE_AUDIO_COMPFLT_LID in original Database is replaced!
NVRAM ID:AP_CFG_RDCL_FILE_AUDIO_EFFECT_LID in original Database is replaced!
NVRAM ID:AP_CFG_RDCL_FILE_AUDIO_LID in original Database is replaced!
NVRAM ID:AP_CFG_RDCL_FILE_AUDIO_PARAM_MED_LID in original Database is replaced!
NVRAM ID:AP_CFG_RDCL_FILE_AUDIO_VOLUME_CUSTOM_LID in original Database is replaced!
NVRAM ID:AP_CFG_RDCL_FILE_AUDIO_WB_PARAM_LID in original Database is replaced!
NVRAM ID:AP_CFG_RDCL_FILE_AUXADC_LID in original Database is replaced!
NVRAM ID:AP_CFG_RDCL_FILE_DUAL_MIC_CUSTOM_LID in original Database is replaced!
NVRAM ID:AP_CFG_RDCL_HWMON_ACC_LID in original Database is replaced!
NVRAM ID:AP_CFG_RDEB_FILE_BT_ADDR_LID in original Database is replaced!
NVRAM ID:AP_CFG_RDEB_FILE_WIFI_LID in original Database is replaced!
NVRAM ID:AP_CFG_RDEB_OMADM_USB_LID in original Database is replaced!
NVRAM ID:AP_CFG_RDEB_WIFI_CUSTOM_LID in original Database is replaced!
NVRAM ID:AP_CFG_REEB_PRODUCT_INFO_LID in original Database is replaced!
Generating "./APDB_MT6573_S01_ALPS.GB.JRD2_SP_W11.43".
Create file "./APDB_MT6573_S01_ALPS.GB.JRD2_SP_W11.43" successfully. 
Creating file "./APDB_MT6573_S01_ALPS.GB.JRD2_SP_W11.43_ENUM".
Create file "./APDB_MT6573_S01_ALPS.GB.JRD2_SP_W11.43_ENUM" successfully. 
