scatgen ERROR: PARTITION_DEFINE: file error! at mediatek/build/tools/ptgen/ptgen.pl line 116
Os = linux

argument:
PLATFORM=MT6573 
LCA_PRJ=no 
XLS_FILENAME=mediatek/build/tools/ptgen/partition_table.xls 
SCAT_NAME=mediatek/source/misc/ 
PARTITION_DEFINE_H_NAME=mediatek/custom/jrd73_gb/common 

output:
SCAT_NAME=mediatek/source/misc//MT6573_Android_scatter.txt 
PARTITION_DEFINE_H_NAME=mediatek/custom/jrd73_gb/common/partition_define.h 
SHEET_NAME=MT6573 no 
PARTITION_FIELD=PRELOADER,SIZEKB=256,START_FIELD=0/0,DL_FIELD=1
PARTITION_FIELD=DSP_BL,SIZEKB=768,START_FIELD=262144/40000,DL_FIELD=1
PARTITION_FIELD=PRO_INFO,SIZEKB=512,START_FIELD=1048576/100000,DL_FIELD=0
PARTITION_FIELD=NVRAM,SIZEKB=3072,START_FIELD=1572864/180000,DL_FIELD=0
PARTITION_FIELD=SECCFG,SIZEKB=128,START_FIELD=4718592/480000,DL_FIELD=0
PARTITION_FIELD=UBOOT,SIZEKB=384,START_FIELD=4849664/4a0000,DL_FIELD=1
PARTITION_FIELD=BOOTIMG,SIZEKB=6144,START_FIELD=5242880/500000,DL_FIELD=1
PARTITION_FIELD=RECOVERY,SIZEKB=6144,START_FIELD=11534336/b00000,DL_FIELD=1
PARTITION_FIELD=SEC_RO,SIZEKB=1152,START_FIELD=17825792/1100000,DL_FIELD=1
PARTITION_FIELD=MISC,SIZEKB=384,START_FIELD=19005440/1220000,DL_FIELD=0
PARTITION_FIELD=LOGO,SIZEKB=3072,START_FIELD=19398656/1280000,DL_FIELD=1
PARTITION_FIELD=EXPDB,SIZEKB=640,START_FIELD=22544384/1580000,DL_FIELD=0
PARTITION_FIELD=ANDROID,SIZEKB=117760,START_FIELD=23199744/1620000,DL_FIELD=1
PARTITION_FIELD=CUSTPACK,SIZEKB=148480,START_FIELD=143785984/8920000,DL_FIELD=1
PARTITION_FIELD=CACHE,SIZEKB=61440,START_FIELD=295829504/11a20000,DL_FIELD=0
PARTITION_FIELD=USRDATA,SIZEKB=0,START_FIELD=358744064/15620000,DL_FIELD=0
PARTITION_FIELD=BMTPOOL,SIZEKB=50,START_FIELD=FFFF0050/0,DL_FIELD=0
17 read.
scatgen ERROR: PARTITION_DEFINE: file error! at mediatek/build/tools/ptgen/ptgen.pl line 116
Os = linux

argument:
PLATFORM=MT6573 
LCA_PRJ=no 
XLS_FILENAME=mediatek/build/tools/ptgen/partition_table.xls 
SCAT_NAME=mediatek/source/misc/ 
PARTITION_DEFINE_H_NAME=mediatek/custom/jrd73_gb/common 

output:
SCAT_NAME=mediatek/source/misc//MT6573_Android_scatter.txt 
PARTITION_DEFINE_H_NAME=mediatek/custom/jrd73_gb/common/partition_define.h 
SHEET_NAME=MT6573 no 
PARTITION_FIELD=PRELOADER,SIZEKB=256,START_FIELD=0/0,DL_FIELD=1
PARTITION_FIELD=DSP_BL,SIZEKB=768,START_FIELD=262144/40000,DL_FIELD=1
PARTITION_FIELD=PRO_INFO,SIZEKB=512,START_FIELD=1048576/100000,DL_FIELD=0
PARTITION_FIELD=NVRAM,SIZEKB=3072,START_FIELD=1572864/180000,DL_FIELD=0
PARTITION_FIELD=SECCFG,SIZEKB=128,START_FIELD=4718592/480000,DL_FIELD=0
PARTITION_FIELD=UBOOT,SIZEKB=384,START_FIELD=4849664/4a0000,DL_FIELD=1
PARTITION_FIELD=BOOTIMG,SIZEKB=6144,START_FIELD=5242880/500000,DL_FIELD=1
PARTITION_FIELD=RECOVERY,SIZEKB=6144,START_FIELD=11534336/b00000,DL_FIELD=1
PARTITION_FIELD=SEC_RO,SIZEKB=1152,START_FIELD=17825792/1100000,DL_FIELD=1
PARTITION_FIELD=MISC,SIZEKB=384,START_FIELD=19005440/1220000,DL_FIELD=0
PARTITION_FIELD=LOGO,SIZEKB=3072,START_FIELD=19398656/1280000,DL_FIELD=1
PARTITION_FIELD=EXPDB,SIZEKB=640,START_FIELD=22544384/1580000,DL_FIELD=0
PARTITION_FIELD=ANDROID,SIZEKB=117760,START_FIELD=23199744/1620000,DL_FIELD=1
PARTITION_FIELD=CUSTPACK,SIZEKB=148480,START_FIELD=143785984/8920000,DL_FIELD=1
PARTITION_FIELD=CACHE,SIZEKB=61440,START_FIELD=295829504/11a20000,DL_FIELD=0
PARTITION_FIELD=USRDATA,SIZEKB=0,START_FIELD=358744064/15620000,DL_FIELD=0
PARTITION_FIELD=BMTPOOL,SIZEKB=50,START_FIELD=FFFF0050/0,DL_FIELD=0
17 read.
scatgen done. 
Os = linux

argument:
PLATFORM=MT6573 
LCA_PRJ=no 
XLS_FILENAME=mediatek/build/tools/ptgen/partition_table.xls 
SCAT_NAME=mediatek/source/misc/ 
PARTITION_DEFINE_H_NAME=mediatek/custom/jrd73_gb/common 

output:
SCAT_NAME=mediatek/source/misc//MT6573_Android_scatter.txt 
PARTITION_DEFINE_H_NAME=mediatek/custom/jrd73_gb/common/partition_define.h 
SHEET_NAME=MT6573 no 
PARTITION_FIELD=PRELOADER,SIZEKB=256,START_FIELD=0/0,DL_FIELD=1
PARTITION_FIELD=DSP_BL,SIZEKB=768,START_FIELD=262144/40000,DL_FIELD=1
PARTITION_FIELD=PRO_INFO,SIZEKB=512,START_FIELD=1048576/100000,DL_FIELD=0
PARTITION_FIELD=NVRAM,SIZEKB=3072,START_FIELD=1572864/180000,DL_FIELD=0
PARTITION_FIELD=SECCFG,SIZEKB=128,START_FIELD=4718592/480000,DL_FIELD=0
PARTITION_FIELD=UBOOT,SIZEKB=384,START_FIELD=4849664/4a0000,DL_FIELD=1
PARTITION_FIELD=BOOTIMG,SIZEKB=6144,START_FIELD=5242880/500000,DL_FIELD=1
PARTITION_FIELD=RECOVERY,SIZEKB=6144,START_FIELD=11534336/b00000,DL_FIELD=1
PARTITION_FIELD=SEC_RO,SIZEKB=1152,START_FIELD=17825792/1100000,DL_FIELD=1
PARTITION_FIELD=MISC,SIZEKB=384,START_FIELD=19005440/1220000,DL_FIELD=0
PARTITION_FIELD=LOGO,SIZEKB=3072,START_FIELD=19398656/1280000,DL_FIELD=1
PARTITION_FIELD=EXPDB,SIZEKB=640,START_FIELD=22544384/1580000,DL_FIELD=0
PARTITION_FIELD=ANDROID,SIZEKB=117760,START_FIELD=23199744/1620000,DL_FIELD=1
PARTITION_FIELD=CUSTPACK,SIZEKB=148480,START_FIELD=143785984/8920000,DL_FIELD=1
PARTITION_FIELD=CACHE,SIZEKB=61440,START_FIELD=295829504/11a20000,DL_FIELD=0
PARTITION_FIELD=USRDATA,SIZEKB=0,START_FIELD=358744064/15620000,DL_FIELD=0
PARTITION_FIELD=BMTPOOL,SIZEKB=50,START_FIELD=FFFF0050/0,DL_FIELD=0
17 read.
scatgen done. 
