Os = linux
header: mediatek/custom/jrd73_gb/common/nand_device_list.h, excel: mediatek/build/tools/emigen/MT6573/MemoryDeviceList_MT6573.xls, PLATFORM: MT6573, PROJECT: jrd73_gb, page size: 2K
begin read
EHD013151MA_50, MT6573_EVB 0x20 0xBC 0x20BC
K524G2GACB_A050, MT6573_EVB 0xEC 0xBC 0xECBC
MT29C4G96MAZAPCJA_5IT, MT6573_EVB 0x2C 0xBC 0x2CBC
EHD013151MA_50, ZTE73V1 0x20 0xBC 0x20BC
EHD013151MA_50, ZTE73V1_2 0x20 0xBC 0x20BC
MT29C4G96MAZAPCJA_5IT, ZTEMT73V2 0x2C 0xBC 0x2CBC
MT29C4G96MAZAPCJA_5IT, ZTEMT73V3 0x2C 0xBC 0x2CBC
K524G2GACB_A050, LENOVO73 0xEC 0xBC 0xECBC
MT29C4G96MAZAPCJA_5IT, ZTEMT73V3_2 0x2C 0xBC 0x2CBC
EHD013151MA_50, ZTEMT73V2 0x20 0xBC 0x20BC
H9DA4GH4JJAMCR_4EM, JRD73_GB 0xAD 0xBC 0xADBC
MT29C4G48MAZAPAKD_5IT, JRD73_GB 0x2C 0xBC 0x2CBC
meet END.
12 read.
2K 2048
i=0 iter=0
	{0x20BC, 0x105554, 5, 16, 512, 128, 2048, 0x2014, 2K 2048
i=1 iter=1
	{0xECBC, 0x005554, 5, 16, 512, 128, 2048, 0x2003, 2K 2048
i=2 iter=2
	{0x2CBC, 0x905556, 5, 16, 512, 128, 2048, 0x2014, 2K 2048
Device 0x20BC 0x105554 already exists
i=0 iter=3
2K 2048
Device 0x20BC 0x105554 already exists
i=0 iter=4
2K 2048
Device 0x2CBC 0x905556 already exists
i=2 iter=5
2K 2048
Device 0x2CBC 0x905556 already exists
i=2 iter=6
2K 2048
Device 0xECBC 0x005554 already exists
i=1 iter=7
2K 2048
Device 0x2CBC 0x905556 already exists
i=2 iter=8
2K 2048
Device 0x20BC 0x105554 already exists
i=0 iter=9
2K 2048
i=10 iter=10
	{0xADBC, 0x905554, 5, 16, 512, 128, 2048, 0x2014, 2K 2048
Device 0x2CBC 0x905556 already exists
i=2 iter=11
nandgen done
