

********************************************
 CHECK PARAMETER 
********************************************
parameter check pass
MTK_SEC_MODEM_AUTH    =  no
MTK_SEC_MODEM_ENCODE  =  yes


********************************************
 PROCESS MODEM IMAGE 
********************************************

=========================================
[Android Cipher (Enc/Dec) Tool]

Built at Sat Jul 30 10:50:05 CST 2011
=========================================

[CipherTool] Encode/decode image or generate header ... 
[CipherTool] Encryption ...
[CipherTool] mediatek/custom/jrd73_gb/security/sml_auth/SML_ENCODE_KEY.ini found
[CipherTool] Import CUSTOM_AES_256
[CipherTool] 0x41,0x33,0x31,0x32
[CipherTool] mediatek/custom/jrd73_gb/security/sml_auth/SML_ENCODE_CFG.ini found

 ------------------------------------
[CipherTool] cipher_cfg.encrypt  = 1
[CipherTool] cipher_cfg.offset   = 0
[CipherTool] cipher_cfg.length   = 102400
 ------------------------------------
[CipherTool] Read 'mediatek/custom/out/jrd73_gb/modem/modem.img'
[CipherTool] Write 'mediatek/custom/out/jrd73_gb/modem/cipher_modem.img'

 ------------------------------------
[CipherTool] header.cust_name         = 
[CipherTool] header.image_offset      = 128
[CipherTool] header.image_length      = 5132056
[CipherTool] header.cipher_offset     = 0
[CipherTool] header.cipher_length     = 102400
 ------------------------------------
[CipherTool] Adjust final write length from (16) to (8)

=========================================
[Android SignTool]

Built at Wed Jun 8 07:18:44 CST 2011
=========================================

[SignTool] Sign image ... 
[SignTool] Import CUSTOM_RSA_N
[SignTool] Import CUSTOM_RSA_D
[SignTool] Import CUSTOM_RSA_E
[SignTool] 0x9,0x2,0xA,0xA
[AUTHEN] rsa.N length = 1024 bytes
[AUTHEN] rsa.E length = 20 bytes

 ------------------------------------
[SignTool] header.cust_name         = CUST
[SignTool] header.image_version     = 1
[SignTool] header.image_offset      = 64
[SignTool] header.image_length      = 5132184
[SignTool] header.sign_offset       = 0
[SignTool] header.sign_length       = 102528
[SignTool] header.hash_sig_offset   = 5132248
[SignTool] header.hash_sig_length   = 148
 ------------------------------------

[SignTool] Read mediatek/custom/out/jrd73_gb/modem/modem.img (102528)
[SignTool] 0x53,0x53,0x53,0x53
[SignTool] 0x63,0x63,0x63,0x63

[AUTHEN] sign image ... pass

[AUTHEN] output signature: 
 ------------------------------------
0x40,0x2c,0xfd,0xec,0x49,0xaf,0xa3,0x65,0x6d,0x74,0x17,0x60,0xa2,0x12,0x8b,0xca,0xfc,0x8f,0x68,0x26,0x1a,0x06,0x4f,0x0b,0xcb,0x77,0x23,0x3b,0xc7,0xf7,0xab,0xfa,0x47,0x75,0x49,0xdb,0xce,0xc6,0x59,0xb3,0xf2,0x0b,0xea,0xf2,0xf9,0x80,0xa2,0xc9,0x25,0xd0,0xd3,0x49,0x79,0x0d,0x5d,0x24,0x3c,0xea,0xb9,0x3f,0x15,0xa2,0x22,0x1f,0xf7,0x8a,0xed,0x9f,0xe6,0x38,0x5a,0xaf,0x09,0x1f,0xfe,0x1e,0x1d,0x84,0x19,0xa2,0xe1,0x94,0x5c,0x7d,0xb9,0xfa,0x62,0x0a,0x8d,0x5d,0x95,0x5b,0xea,0x7b,0xc8,0x0c,0xa5,0xaf,0xc6,0x83,0xa5,0x36,0xab,0x1b,0xd4,0xec,0xbf,0x8a,0xa8,0xbe,0xf3,0x4f,0x10,0x4e,0x36,0xa0,0x8d,0xf4,0x6e,0x8f,0xa0,0xf5,0xdc,0x59,0x2e,0xe4,0xe2,0xbc

[AUTHEN] verify signature... pass
[SignTool] Hash value : 
0x90,0xbd,0x4f,0x8a,0x7,0xab,0x1a,0xe8,0x7e,0xfa,0xc8,0x6f,0xf5,0x7c,0xbd,0x26,0x31,0x12,0x7a,0x13,


********************************************
 PROCESS MODEM_E2 IMAGE 
********************************************


********************************************
 PROCESS SML DEFAULT SETTING (SDS.bin) 
********************************************

=========================================
[Android Cipher (Enc/Dec) Tool]

Built at Sat Jul 30 10:50:05 CST 2011
=========================================

[CipherTool] Encode/decode image or generate header ... 
[CipherTool] Encryption ...
[CipherTool] mediatek/custom/jrd73_gb/security/sml_auth/SML_ENCODE_KEY.ini found
[CipherTool] Import CUSTOM_AES_256
[CipherTool] 0x41,0x33,0x31,0x32
[CipherTool] mediatek/custom/jrd73_gb/security/sml_auth/SDS_ENCODE_CFG.ini found

 ------------------------------------
[CipherTool] cipher_cfg.encrypt  = 1
[CipherTool] cipher_cfg.offset   = 0
[CipherTool] cipher_cfg.length   = 0
 ------------------------------------
[CipherTool] Read 'mediatek/custom/jrd73_gb/security/sml_auth/SDS.bin'
[CipherTool] Write 'mediatek/custom/jrd73_gb/secro/C_SDS.bin'
[CipherTool] all image will be processed, cipher length = '24'

 ------------------------------------
[CipherTool] header.cust_name         = 
[CipherTool] header.image_offset      = 128
[CipherTool] header.image_length      = 24
[CipherTool] header.cipher_offset     = 0
[CipherTool] header.cipher_length     = 24
 ------------------------------------

=========================================
[Android SignTool]

Built at Wed Jun 8 07:18:44 CST 2011
=========================================

[SignTool] Sign image ... 
[SignTool] Import CUSTOM_RSA_N
[SignTool] Import CUSTOM_RSA_D
[SignTool] Import CUSTOM_RSA_E
[SignTool] 0x9,0x2,0xA,0xA
[AUTHEN] rsa.N length = 1024 bytes
[AUTHEN] rsa.E length = 20 bytes

 ------------------------------------
[SignTool] header.cust_name         = CUST
[SignTool] header.image_version     = 1
[SignTool] header.image_offset      = 64
[SignTool] header.image_length      = 160
[SignTool] header.sign_offset       = 0
[SignTool] header.sign_length       = 160
[SignTool] header.hash_sig_offset   = 224
[SignTool] header.hash_sig_length   = 148
 ------------------------------------

[SignTool] Read mediatek/custom/jrd73_gb/secro/C_SDS.bin (160)
[SignTool] 0x53,0x53,0x53,0x53
[SignTool] 0x63,0x63,0x63,0x63

[AUTHEN] sign image ... pass

[AUTHEN] output signature: 
 ------------------------------------
0x24,0x64,0x9a,0xd1,0x1e,0xcc,0x3b,0x4e,0xa6,0x39,0x91,0xfa,0x1b,0x95,0xa6,0x8f,0x88,0xd3,0xa3,0xbf,0x7e,0x82,0x94,0x79,0xdd,0x0f,0xdb,0x30,0x6f,0xd7,0x58,0x75,0x4f,0x29,0xa1,0x9e,0x41,0x4b,0x4d,0xe3,0x72,0xec,0x4c,0xd8,0x02,0x58,0x46,0x47,0x66,0x0a,0xa0,0x75,0x43,0x73,0xb1,0x2e,0x27,0xc1,0x1e,0xc8,0x86,0xbe,0x53,0x38,0xd5,0x42,0xf4,0x4b,0x97,0xca,0x10,0x0e,0xda,0xbb,0xec,0x6c,0x15,0x9d,0xc7,0xc6,0xde,0x50,0x85,0xc4,0xb1,0xf0,0xc0,0x69,0xea,0xc3,0xcb,0xa8,0xab,0x06,0xd4,0x46,0x31,0x9d,0x4e,0x12,0x98,0x44,0xf1,0x1a,0x3c,0x89,0x23,0x3f,0xc3,0xbf,0x04,0x72,0xdf,0xb1,0x5a,0x1d,0xea,0xf5,0x0f,0xcd,0x04,0xfe,0x69,0xb6,0x60,0x57,0x36,0x03

[AUTHEN] verify signature... pass
[SignTool] Hash value : 
0x63,0x56,0x7b,0x53,0xe5,0x12,0x3,0x69,0xbf,0x40,0xe6,0x8a,0xfe,0x52,0x9c,0xc8,0x7d,0x76,0xe6,0x3,


********************************************
 PROCESS SECFL.ini 
********************************************


*** Sign ANDROID Secure File List ***


=========================================
[Android SignTool]

Built at Wed Jun 8 07:18:44 CST 2011
=========================================

[SignTool] Sign image ... 
[SignTool] Import CUSTOM_RSA_N
[SignTool] Import CUSTOM_RSA_D
[SignTool] Import CUSTOM_RSA_E
[SignTool] 0x5,0xF,0xF,0xF
[AUTHEN] rsa.N length = 1024 bytes
[AUTHEN] rsa.E length = 20 bytes

 ------------------------------------
[SignTool] header.cust_name         = CUST
[SignTool] header.image_version     = 1
[SignTool] header.image_offset      = 64
[SignTool] header.image_length      = 58
[SignTool] header.sign_offset       = 0
[SignTool] header.sign_length       = 58
[SignTool] header.hash_sig_offset   = 122
[SignTool] header.hash_sig_length   = 148
 ------------------------------------

[SignTool] Read mediatek/custom/jrd73_gb/security/sec_file_list/ANDRO_SFL.ini (58)
[SignTool] 0x53,0x53,0x53,0x53
[SignTool] 0x5b,0x2f,0x73,0x79

[AUTHEN] sign image ... pass

[AUTHEN] output signature: 
 ------------------------------------
0x10,0x6c,0x3a,0xfc,0x73,0x24,0x89,0xc9,0x8c,0xbc,0x45,0x5d,0xeb,0xef,0xed,0x44,0xbc,0xff,0x24,0x7d,0xa6,0x11,0x21,0x23,0xf8,0xa0,0x0b,0xc1,0x0b,0xf2,0xf6,0x1c,0x19,0xea,0xee,0x5e,0xf3,0x2c,0x97,0x0e,0x7c,0x43,0xe9,0xa1,0xc0,0xd3,0x56,0x1b,0x40,0x92,0x5a,0x7a,0x9d,0xcc,0xaf,0xcd,0x35,0x36,0x20,0xde,0x36,0x93,0x11,0xc4,0x0a,0x90,0xc9,0x7a,0x02,0xef,0x70,0xb5,0xa2,0x40,0xb8,0x16,0x23,0x07,0xdd,0xa4,0x7c,0xa8,0x14,0x50,0xad,0xb0,0xf1,0xe3,0x49,0x96,0x72,0xc7,0x68,0xfc,0x6e,0x18,0x7a,0x0a,0xec,0x48,0x50,0x03,0x3e,0xf1,0xa0,0x40,0x83,0x7a,0x0b,0x33,0xc5,0x23,0x35,0x0a,0xac,0x8c,0x55,0xd7,0x2d,0xa1,0x54,0x7e,0x7f,0x1e,0xf5,0x67,0x00,0x9d

[AUTHEN] verify signature... pass
[SignTool] Hash value : 
0x49,0xc3,0x78,0x3e,0x45,0x45,0xf1,0xe,0xc3,0x80,0x69,0x2a,0x7e,0xd1,0xb8,0x1,0xcb,0x9f,0xf0,0x92,
cp: не вдається створити звичайний файл `mediatek/source/external/seclib/S_ANDRO_SFL.ini': No such file or directory
./mediatek/build/tools/SignTool/SignTool.sh: line 24: mediatek/source/external/seclib/S_ANDRO_SFL.ini: No such file or directory
./mediatek/build/tools/SignTool/SignTool.sh: line 25: mediatek/source/external/seclib/S_ANDRO_SFL.ini: No such file or directory
sign failed. please check at ./mediatek/build/tools/sign_sec_file_list.pl line 33.
SECFL Perl return error


********************************************
 CHECK PARAMETER 
********************************************
parameter check pass
MTK_SEC_MODEM_AUTH    =  no
MTK_SEC_MODEM_ENCODE  =  yes


********************************************
 PROCESS MODEM IMAGE 
********************************************

=========================================
[Android Cipher (Enc/Dec) Tool]

Built at Sat Jul 30 10:50:05 CST 2011
=========================================

[CipherTool] Encode/decode image or generate header ... 
[CipherTool] Encryption ...
[CipherTool] mediatek/custom/jrd73_gb/security/sml_auth/SML_ENCODE_KEY.ini found
[CipherTool] Import CUSTOM_AES_256
[CipherTool] 0x41,0x33,0x31,0x32
[CipherTool] mediatek/custom/jrd73_gb/security/sml_auth/SML_ENCODE_CFG.ini found

 ------------------------------------
[CipherTool] cipher_cfg.encrypt  = 1
[CipherTool] cipher_cfg.offset   = 0
[CipherTool] cipher_cfg.length   = 102400
 ------------------------------------
signed already (0x53535353)

=========================================
[Android SignTool]

Built at Wed Jun 8 07:18:44 CST 2011
=========================================

[SignTool] Sign image ... 
[SignTool] Import CUSTOM_RSA_N
[SignTool] Import CUSTOM_RSA_D
[SignTool] Import CUSTOM_RSA_E
[SignTool] 0x9,0x2,0xA,0xA
[AUTHEN] rsa.N length = 1024 bytes
[AUTHEN] rsa.E length = 20 bytes
signed already (0x53535353)
SIGN FAIL.


********************************************
 PROCESS MODEM_E2 IMAGE 
********************************************


********************************************
 PROCESS SML DEFAULT SETTING (SDS.bin) 
********************************************

=========================================
[Android Cipher (Enc/Dec) Tool]

Built at Sat Jul 30 10:50:05 CST 2011
=========================================

[CipherTool] Encode/decode image or generate header ... 
[CipherTool] Encryption ...
[CipherTool] mediatek/custom/jrd73_gb/security/sml_auth/SML_ENCODE_KEY.ini found
[CipherTool] Import CUSTOM_AES_256
[CipherTool] 0x41,0x33,0x31,0x32
[CipherTool] mediatek/custom/jrd73_gb/security/sml_auth/SDS_ENCODE_CFG.ini found

 ------------------------------------
[CipherTool] cipher_cfg.encrypt  = 1
[CipherTool] cipher_cfg.offset   = 0
[CipherTool] cipher_cfg.length   = 0
 ------------------------------------
[CipherTool] Read 'mediatek/custom/jrd73_gb/security/sml_auth/SDS.bin'
[CipherTool] Write 'mediatek/custom/jrd73_gb/secro/C_SDS.bin'
[CipherTool] all image will be processed, cipher length = '24'

 ------------------------------------
[CipherTool] header.cust_name         = 
[CipherTool] header.image_offset      = 128
[CipherTool] header.image_length      = 24
[CipherTool] header.cipher_offset     = 0
[CipherTool] header.cipher_length     = 24
 ------------------------------------

=========================================
[Android SignTool]

Built at Wed Jun 8 07:18:44 CST 2011
=========================================

[SignTool] Sign image ... 
[SignTool] Import CUSTOM_RSA_N
[SignTool] Import CUSTOM_RSA_D
[SignTool] Import CUSTOM_RSA_E
[SignTool] 0x9,0x2,0xA,0xA
[AUTHEN] rsa.N length = 1024 bytes
[AUTHEN] rsa.E length = 20 bytes

 ------------------------------------
[SignTool] header.cust_name         = CUST
[SignTool] header.image_version     = 1
[SignTool] header.image_offset      = 64
[SignTool] header.image_length      = 160
[SignTool] header.sign_offset       = 0
[SignTool] header.sign_length       = 160
[SignTool] header.hash_sig_offset   = 224
[SignTool] header.hash_sig_length   = 148
 ------------------------------------

[SignTool] Read mediatek/custom/jrd73_gb/secro/C_SDS.bin (160)
[SignTool] 0x53,0x53,0x53,0x53
[SignTool] 0x63,0x63,0x63,0x63

[AUTHEN] sign image ... pass

[AUTHEN] output signature: 
 ------------------------------------
0x24,0x64,0x9a,0xd1,0x1e,0xcc,0x3b,0x4e,0xa6,0x39,0x91,0xfa,0x1b,0x95,0xa6,0x8f,0x88,0xd3,0xa3,0xbf,0x7e,0x82,0x94,0x79,0xdd,0x0f,0xdb,0x30,0x6f,0xd7,0x58,0x75,0x4f,0x29,0xa1,0x9e,0x41,0x4b,0x4d,0xe3,0x72,0xec,0x4c,0xd8,0x02,0x58,0x46,0x47,0x66,0x0a,0xa0,0x75,0x43,0x73,0xb1,0x2e,0x27,0xc1,0x1e,0xc8,0x86,0xbe,0x53,0x38,0xd5,0x42,0xf4,0x4b,0x97,0xca,0x10,0x0e,0xda,0xbb,0xec,0x6c,0x15,0x9d,0xc7,0xc6,0xde,0x50,0x85,0xc4,0xb1,0xf0,0xc0,0x69,0xea,0xc3,0xcb,0xa8,0xab,0x06,0xd4,0x46,0x31,0x9d,0x4e,0x12,0x98,0x44,0xf1,0x1a,0x3c,0x89,0x23,0x3f,0xc3,0xbf,0x04,0x72,0xdf,0xb1,0x5a,0x1d,0xea,0xf5,0x0f,0xcd,0x04,0xfe,0x69,0xb6,0x60,0x57,0x36,0x03

[AUTHEN] verify signature... pass
[SignTool] Hash value : 
0x63,0x56,0x7b,0x53,0xe5,0x12,0x3,0x69,0xbf,0x40,0xe6,0x8a,0xfe,0x52,0x9c,0xc8,0x7d,0x76,0xe6,0x3,


********************************************
 PROCESS SECFL.ini 
********************************************


*** Sign ANDROID Secure File List ***


=========================================
[Android SignTool]

Built at Wed Jun 8 07:18:44 CST 2011
=========================================

[SignTool] Sign image ... 
[SignTool] Import CUSTOM_RSA_N
[SignTool] Import CUSTOM_RSA_D
[SignTool] Import CUSTOM_RSA_E
[SignTool] 0x5,0xF,0xF,0xF
[AUTHEN] rsa.N length = 1024 bytes
[AUTHEN] rsa.E length = 20 bytes

 ------------------------------------
[SignTool] header.cust_name         = CUST
[SignTool] header.image_version     = 1
[SignTool] header.image_offset      = 64
[SignTool] header.image_length      = 58
[SignTool] header.sign_offset       = 0
[SignTool] header.sign_length       = 58
[SignTool] header.hash_sig_offset   = 122
[SignTool] header.hash_sig_length   = 148
 ------------------------------------

[SignTool] Read mediatek/custom/jrd73_gb/security/sec_file_list/ANDRO_SFL.ini (58)
[SignTool] 0x53,0x53,0x53,0x53
[SignTool] 0x5b,0x2f,0x73,0x79

[AUTHEN] sign image ... pass

[AUTHEN] output signature: 
 ------------------------------------
0x10,0x6c,0x3a,0xfc,0x73,0x24,0x89,0xc9,0x8c,0xbc,0x45,0x5d,0xeb,0xef,0xed,0x44,0xbc,0xff,0x24,0x7d,0xa6,0x11,0x21,0x23,0xf8,0xa0,0x0b,0xc1,0x0b,0xf2,0xf6,0x1c,0x19,0xea,0xee,0x5e,0xf3,0x2c,0x97,0x0e,0x7c,0x43,0xe9,0xa1,0xc0,0xd3,0x56,0x1b,0x40,0x92,0x5a,0x7a,0x9d,0xcc,0xaf,0xcd,0x35,0x36,0x20,0xde,0x36,0x93,0x11,0xc4,0x0a,0x90,0xc9,0x7a,0x02,0xef,0x70,0xb5,0xa2,0x40,0xb8,0x16,0x23,0x07,0xdd,0xa4,0x7c,0xa8,0x14,0x50,0xad,0xb0,0xf1,0xe3,0x49,0x96,0x72,0xc7,0x68,0xfc,0x6e,0x18,0x7a,0x0a,0xec,0x48,0x50,0x03,0x3e,0xf1,0xa0,0x40,0x83,0x7a,0x0b,0x33,0xc5,0x23,0x35,0x0a,0xac,0x8c,0x55,0xd7,0x2d,0xa1,0x54,0x7e,0x7f,0x1e,0xf5,0x67,0x00,0x9d

[AUTHEN] verify signature... pass
[SignTool] Hash value : 
0x49,0xc3,0x78,0x3e,0x45,0x45,0xf1,0xe,0xc3,0x80,0x69,0x2a,0x7e,0xd1,0xb8,0x1,0xcb,0x9f,0xf0,0x92,
cp: не вдається створити звичайний файл `mediatek/source/external/seclib/S_ANDRO_SFL.ini': No such file or directory
./mediatek/build/tools/SignTool/SignTool.sh: line 24: mediatek/source/external/seclib/S_ANDRO_SFL.ini: No such file or directory
./mediatek/build/tools/SignTool/SignTool.sh: line 25: mediatek/source/external/seclib/S_ANDRO_SFL.ini: No such file or directory
sign failed. please check at ./mediatek/build/tools/sign_sec_file_list.pl line 33.
SECFL Perl return error


********************************************
 CHECK PARAMETER 
********************************************
parameter check pass
MTK_SEC_MODEM_AUTH    =  no
MTK_SEC_MODEM_ENCODE  =  yes


********************************************
 PROCESS MODEM IMAGE 
********************************************

=========================================
[Android Cipher (Enc/Dec) Tool]

Built at Sat Jul 30 10:50:05 CST 2011
=========================================

[CipherTool] Encode/decode image or generate header ... 
[CipherTool] Encryption ...
[CipherTool] mediatek/custom/jrd73_gb/security/sml_auth/SML_ENCODE_KEY.ini found
[CipherTool] Import CUSTOM_AES_256
[CipherTool] 0x41,0x33,0x31,0x32
[CipherTool] mediatek/custom/jrd73_gb/security/sml_auth/SML_ENCODE_CFG.ini found

 ------------------------------------
[CipherTool] cipher_cfg.encrypt  = 1
[CipherTool] cipher_cfg.offset   = 0
[CipherTool] cipher_cfg.length   = 102400
 ------------------------------------
signed already (0x53535353)

=========================================
[Android SignTool]

Built at Wed Jun 8 07:18:44 CST 2011
=========================================

[SignTool] Sign image ... 
[SignTool] Import CUSTOM_RSA_N
[SignTool] Import CUSTOM_RSA_D
[SignTool] Import CUSTOM_RSA_E
[SignTool] 0x9,0x2,0xA,0xA
[AUTHEN] rsa.N length = 1024 bytes
[AUTHEN] rsa.E length = 20 bytes
signed already (0x53535353)
SIGN FAIL.


********************************************
 PROCESS MODEM_E2 IMAGE 
********************************************


********************************************
 PROCESS SML DEFAULT SETTING (SDS.bin) 
********************************************

=========================================
[Android Cipher (Enc/Dec) Tool]

Built at Sat Jul 30 10:50:05 CST 2011
=========================================

[CipherTool] Encode/decode image or generate header ... 
[CipherTool] Encryption ...
[CipherTool] mediatek/custom/jrd73_gb/security/sml_auth/SML_ENCODE_KEY.ini found
[CipherTool] Import CUSTOM_AES_256
[CipherTool] 0x41,0x33,0x31,0x32
[CipherTool] mediatek/custom/jrd73_gb/security/sml_auth/SDS_ENCODE_CFG.ini found

 ------------------------------------
[CipherTool] cipher_cfg.encrypt  = 1
[CipherTool] cipher_cfg.offset   = 0
[CipherTool] cipher_cfg.length   = 0
 ------------------------------------
[CipherTool] Read 'mediatek/custom/jrd73_gb/security/sml_auth/SDS.bin'
[CipherTool] Write 'mediatek/custom/jrd73_gb/secro/C_SDS.bin'
[CipherTool] all image will be processed, cipher length = '24'

 ------------------------------------
[CipherTool] header.cust_name         = 
[CipherTool] header.image_offset      = 128
[CipherTool] header.image_length      = 24
[CipherTool] header.cipher_offset     = 0
[CipherTool] header.cipher_length     = 24
 ------------------------------------

=========================================
[Android SignTool]

Built at Wed Jun 8 07:18:44 CST 2011
=========================================

[SignTool] Sign image ... 
[SignTool] Import CUSTOM_RSA_N
[SignTool] Import CUSTOM_RSA_D
[SignTool] Import CUSTOM_RSA_E
[SignTool] 0x9,0x2,0xA,0xA
[AUTHEN] rsa.N length = 1024 bytes
[AUTHEN] rsa.E length = 20 bytes

 ------------------------------------
[SignTool] header.cust_name         = CUST
[SignTool] header.image_version     = 1
[SignTool] header.image_offset      = 64
[SignTool] header.image_length      = 160
[SignTool] header.sign_offset       = 0
[SignTool] header.sign_length       = 160
[SignTool] header.hash_sig_offset   = 224
[SignTool] header.hash_sig_length   = 148
 ------------------------------------

[SignTool] Read mediatek/custom/jrd73_gb/secro/C_SDS.bin (160)
[SignTool] 0x53,0x53,0x53,0x53
[SignTool] 0x63,0x63,0x63,0x63

[AUTHEN] sign image ... pass

[AUTHEN] output signature: 
 ------------------------------------
0x24,0x64,0x9a,0xd1,0x1e,0xcc,0x3b,0x4e,0xa6,0x39,0x91,0xfa,0x1b,0x95,0xa6,0x8f,0x88,0xd3,0xa3,0xbf,0x7e,0x82,0x94,0x79,0xdd,0x0f,0xdb,0x30,0x6f,0xd7,0x58,0x75,0x4f,0x29,0xa1,0x9e,0x41,0x4b,0x4d,0xe3,0x72,0xec,0x4c,0xd8,0x02,0x58,0x46,0x47,0x66,0x0a,0xa0,0x75,0x43,0x73,0xb1,0x2e,0x27,0xc1,0x1e,0xc8,0x86,0xbe,0x53,0x38,0xd5,0x42,0xf4,0x4b,0x97,0xca,0x10,0x0e,0xda,0xbb,0xec,0x6c,0x15,0x9d,0xc7,0xc6,0xde,0x50,0x85,0xc4,0xb1,0xf0,0xc0,0x69,0xea,0xc3,0xcb,0xa8,0xab,0x06,0xd4,0x46,0x31,0x9d,0x4e,0x12,0x98,0x44,0xf1,0x1a,0x3c,0x89,0x23,0x3f,0xc3,0xbf,0x04,0x72,0xdf,0xb1,0x5a,0x1d,0xea,0xf5,0x0f,0xcd,0x04,0xfe,0x69,0xb6,0x60,0x57,0x36,0x03

[AUTHEN] verify signature... pass
[SignTool] Hash value : 
0x63,0x56,0x7b,0x53,0xe5,0x12,0x3,0x69,0xbf,0x40,0xe6,0x8a,0xfe,0x52,0x9c,0xc8,0x7d,0x76,0xe6,0x3,


********************************************
 PROCESS SECFL.ini 
********************************************


*** Sign ANDROID Secure File List ***


=========================================
[Android SignTool]

Built at Wed Jun 8 07:18:44 CST 2011
=========================================

[SignTool] Sign image ... 
[SignTool] Import CUSTOM_RSA_N
[SignTool] Import CUSTOM_RSA_D
[SignTool] Import CUSTOM_RSA_E
[SignTool] 0x5,0xF,0xF,0xF
[AUTHEN] rsa.N length = 1024 bytes
[AUTHEN] rsa.E length = 20 bytes

 ------------------------------------
[SignTool] header.cust_name         = CUST
[SignTool] header.image_version     = 1
[SignTool] header.image_offset      = 64
[SignTool] header.image_length      = 58
[SignTool] header.sign_offset       = 0
[SignTool] header.sign_length       = 58
[SignTool] header.hash_sig_offset   = 122
[SignTool] header.hash_sig_length   = 148
 ------------------------------------

[SignTool] Read mediatek/custom/jrd73_gb/security/sec_file_list/ANDRO_SFL.ini (58)
[SignTool] 0x53,0x53,0x53,0x53
[SignTool] 0x5b,0x2f,0x73,0x79

[AUTHEN] sign image ... pass

[AUTHEN] output signature: 
 ------------------------------------
0x10,0x6c,0x3a,0xfc,0x73,0x24,0x89,0xc9,0x8c,0xbc,0x45,0x5d,0xeb,0xef,0xed,0x44,0xbc,0xff,0x24,0x7d,0xa6,0x11,0x21,0x23,0xf8,0xa0,0x0b,0xc1,0x0b,0xf2,0xf6,0x1c,0x19,0xea,0xee,0x5e,0xf3,0x2c,0x97,0x0e,0x7c,0x43,0xe9,0xa1,0xc0,0xd3,0x56,0x1b,0x40,0x92,0x5a,0x7a,0x9d,0xcc,0xaf,0xcd,0x35,0x36,0x20,0xde,0x36,0x93,0x11,0xc4,0x0a,0x90,0xc9,0x7a,0x02,0xef,0x70,0xb5,0xa2,0x40,0xb8,0x16,0x23,0x07,0xdd,0xa4,0x7c,0xa8,0x14,0x50,0xad,0xb0,0xf1,0xe3,0x49,0x96,0x72,0xc7,0x68,0xfc,0x6e,0x18,0x7a,0x0a,0xec,0x48,0x50,0x03,0x3e,0xf1,0xa0,0x40,0x83,0x7a,0x0b,0x33,0xc5,0x23,0x35,0x0a,0xac,0x8c,0x55,0xd7,0x2d,0xa1,0x54,0x7e,0x7f,0x1e,0xf5,0x67,0x00,0x9d

[AUTHEN] verify signature... pass
[SignTool] Hash value : 
0x49,0xc3,0x78,0x3e,0x45,0x45,0xf1,0xe,0xc3,0x80,0x69,0x2a,0x7e,0xd1,0xb8,0x1,0xcb,0x9f,0xf0,0x92,
cp: не вдається створити звичайний файл `mediatek/source/external/seclib/S_ANDRO_SFL.ini': No such file or directory
./mediatek/build/tools/SignTool/SignTool.sh: line 24: mediatek/source/external/seclib/S_ANDRO_SFL.ini: No such file or directory
./mediatek/build/tools/SignTool/SignTool.sh: line 25: mediatek/source/external/seclib/S_ANDRO_SFL.ini: No such file or directory
sign failed. please check at ./mediatek/build/tools/sign_sec_file_list.pl line 33.
SECFL Perl return error


********************************************
 CHECK PARAMETER 
********************************************
parameter check pass
MTK_SEC_MODEM_AUTH    =  no
MTK_SEC_MODEM_ENCODE  =  yes


********************************************
 PROCESS MODEM IMAGE 
********************************************

=========================================
[Android Cipher (Enc/Dec) Tool]

Built at Sat Jul 30 10:50:05 CST 2011
=========================================

[CipherTool] Encode/decode image or generate header ... 
[CipherTool] Encryption ...
[CipherTool] mediatek/custom/jrd73_gb/security/sml_auth/SML_ENCODE_KEY.ini found
[CipherTool] Import CUSTOM_AES_256
[CipherTool] 0x41,0x33,0x31,0x32
[CipherTool] mediatek/custom/jrd73_gb/security/sml_auth/SML_ENCODE_CFG.ini found

 ------------------------------------
[CipherTool] cipher_cfg.encrypt  = 1
[CipherTool] cipher_cfg.offset   = 0
[CipherTool] cipher_cfg.length   = 102400
 ------------------------------------
signed already (0x53535353)

=========================================
[Android SignTool]

Built at Wed Jun 8 07:18:44 CST 2011
=========================================

[SignTool] Sign image ... 
[SignTool] Import CUSTOM_RSA_N
[SignTool] Import CUSTOM_RSA_D
[SignTool] Import CUSTOM_RSA_E
[SignTool] 0x9,0x2,0xA,0xA
[AUTHEN] rsa.N length = 1024 bytes
[AUTHEN] rsa.E length = 20 bytes
signed already (0x53535353)
SIGN FAIL.


********************************************
 PROCESS MODEM_E2 IMAGE 
********************************************


********************************************
 PROCESS SML DEFAULT SETTING (SDS.bin) 
********************************************

=========================================
[Android Cipher (Enc/Dec) Tool]

Built at Sat Jul 30 10:50:05 CST 2011
=========================================

[CipherTool] Encode/decode image or generate header ... 
[CipherTool] Encryption ...
[CipherTool] mediatek/custom/jrd73_gb/security/sml_auth/SML_ENCODE_KEY.ini found
[CipherTool] Import CUSTOM_AES_256
[CipherTool] 0x41,0x33,0x31,0x32
[CipherTool] mediatek/custom/jrd73_gb/security/sml_auth/SDS_ENCODE_CFG.ini found

 ------------------------------------
[CipherTool] cipher_cfg.encrypt  = 1
[CipherTool] cipher_cfg.offset   = 0
[CipherTool] cipher_cfg.length   = 0
 ------------------------------------
[CipherTool] Read 'mediatek/custom/jrd73_gb/security/sml_auth/SDS.bin'
[CipherTool] Write 'mediatek/custom/jrd73_gb/secro/C_SDS.bin'
[CipherTool] all image will be processed, cipher length = '24'

 ------------------------------------
[CipherTool] header.cust_name         = 
[CipherTool] header.image_offset      = 128
[CipherTool] header.image_length      = 24
[CipherTool] header.cipher_offset     = 0
[CipherTool] header.cipher_length     = 24
 ------------------------------------

=========================================
[Android SignTool]

Built at Wed Jun 8 07:18:44 CST 2011
=========================================

[SignTool] Sign image ... 
[SignTool] Import CUSTOM_RSA_N
[SignTool] Import CUSTOM_RSA_D
[SignTool] Import CUSTOM_RSA_E
[SignTool] 0x9,0x2,0xA,0xA
[AUTHEN] rsa.N length = 1024 bytes
[AUTHEN] rsa.E length = 20 bytes

 ------------------------------------
[SignTool] header.cust_name         = CUST
[SignTool] header.image_version     = 1
[SignTool] header.image_offset      = 64
[SignTool] header.image_length      = 160
[SignTool] header.sign_offset       = 0
[SignTool] header.sign_length       = 160
[SignTool] header.hash_sig_offset   = 224
[SignTool] header.hash_sig_length   = 148
 ------------------------------------

[SignTool] Read mediatek/custom/jrd73_gb/secro/C_SDS.bin (160)
[SignTool] 0x53,0x53,0x53,0x53
[SignTool] 0x63,0x63,0x63,0x63

[AUTHEN] sign image ... pass

[AUTHEN] output signature: 
 ------------------------------------
0x24,0x64,0x9a,0xd1,0x1e,0xcc,0x3b,0x4e,0xa6,0x39,0x91,0xfa,0x1b,0x95,0xa6,0x8f,0x88,0xd3,0xa3,0xbf,0x7e,0x82,0x94,0x79,0xdd,0x0f,0xdb,0x30,0x6f,0xd7,0x58,0x75,0x4f,0x29,0xa1,0x9e,0x41,0x4b,0x4d,0xe3,0x72,0xec,0x4c,0xd8,0x02,0x58,0x46,0x47,0x66,0x0a,0xa0,0x75,0x43,0x73,0xb1,0x2e,0x27,0xc1,0x1e,0xc8,0x86,0xbe,0x53,0x38,0xd5,0x42,0xf4,0x4b,0x97,0xca,0x10,0x0e,0xda,0xbb,0xec,0x6c,0x15,0x9d,0xc7,0xc6,0xde,0x50,0x85,0xc4,0xb1,0xf0,0xc0,0x69,0xea,0xc3,0xcb,0xa8,0xab,0x06,0xd4,0x46,0x31,0x9d,0x4e,0x12,0x98,0x44,0xf1,0x1a,0x3c,0x89,0x23,0x3f,0xc3,0xbf,0x04,0x72,0xdf,0xb1,0x5a,0x1d,0xea,0xf5,0x0f,0xcd,0x04,0xfe,0x69,0xb6,0x60,0x57,0x36,0x03

[AUTHEN] verify signature... pass
[SignTool] Hash value : 
0x63,0x56,0x7b,0x53,0xe5,0x12,0x3,0x69,0xbf,0x40,0xe6,0x8a,0xfe,0x52,0x9c,0xc8,0x7d,0x76,0xe6,0x3,


********************************************
 PROCESS SECFL.ini 
********************************************


*** Sign ANDROID Secure File List ***


=========================================
[Android SignTool]

Built at Wed Jun 8 07:18:44 CST 2011
=========================================

[SignTool] Sign image ... 
[SignTool] Import CUSTOM_RSA_N
[SignTool] Import CUSTOM_RSA_D
[SignTool] Import CUSTOM_RSA_E
[SignTool] 0x5,0xF,0xF,0xF
[AUTHEN] rsa.N length = 1024 bytes
[AUTHEN] rsa.E length = 20 bytes

 ------------------------------------
[SignTool] header.cust_name         = CUST
[SignTool] header.image_version     = 1
[SignTool] header.image_offset      = 64
[SignTool] header.image_length      = 58
[SignTool] header.sign_offset       = 0
[SignTool] header.sign_length       = 58
[SignTool] header.hash_sig_offset   = 122
[SignTool] header.hash_sig_length   = 148
 ------------------------------------

[SignTool] Read mediatek/custom/jrd73_gb/security/sec_file_list/ANDRO_SFL.ini (58)
[SignTool] 0x53,0x53,0x53,0x53
[SignTool] 0x5b,0x2f,0x73,0x79

[AUTHEN] sign image ... pass

[AUTHEN] output signature: 
 ------------------------------------
0x10,0x6c,0x3a,0xfc,0x73,0x24,0x89,0xc9,0x8c,0xbc,0x45,0x5d,0xeb,0xef,0xed,0x44,0xbc,0xff,0x24,0x7d,0xa6,0x11,0x21,0x23,0xf8,0xa0,0x0b,0xc1,0x0b,0xf2,0xf6,0x1c,0x19,0xea,0xee,0x5e,0xf3,0x2c,0x97,0x0e,0x7c,0x43,0xe9,0xa1,0xc0,0xd3,0x56,0x1b,0x40,0x92,0x5a,0x7a,0x9d,0xcc,0xaf,0xcd,0x35,0x36,0x20,0xde,0x36,0x93,0x11,0xc4,0x0a,0x90,0xc9,0x7a,0x02,0xef,0x70,0xb5,0xa2,0x40,0xb8,0x16,0x23,0x07,0xdd,0xa4,0x7c,0xa8,0x14,0x50,0xad,0xb0,0xf1,0xe3,0x49,0x96,0x72,0xc7,0x68,0xfc,0x6e,0x18,0x7a,0x0a,0xec,0x48,0x50,0x03,0x3e,0xf1,0xa0,0x40,0x83,0x7a,0x0b,0x33,0xc5,0x23,0x35,0x0a,0xac,0x8c,0x55,0xd7,0x2d,0xa1,0x54,0x7e,0x7f,0x1e,0xf5,0x67,0x00,0x9d

[AUTHEN] verify signature... pass
[SignTool] Hash value : 
0x49,0xc3,0x78,0x3e,0x45,0x45,0xf1,0xe,0xc3,0x80,0x69,0x2a,0x7e,0xd1,0xb8,0x1,0xcb,0x9f,0xf0,0x92,
cp: не вдається створити звичайний файл `mediatek/source/external/seclib/S_ANDRO_SFL.ini': No such file or directory
./mediatek/build/tools/SignTool/SignTool.sh: line 24: mediatek/source/external/seclib/S_ANDRO_SFL.ini: No such file or directory
./mediatek/build/tools/SignTool/SignTool.sh: line 25: mediatek/source/external/seclib/S_ANDRO_SFL.ini: No such file or directory
sign failed. please check at ./mediatek/build/tools/sign_sec_file_list.pl line 33.
SECFL Perl return error


********************************************
 CHECK PARAMETER 
********************************************
parameter check pass
MTK_SEC_MODEM_AUTH    =  no
MTK_SEC_MODEM_ENCODE  =  yes


********************************************
 PROCESS MODEM IMAGE 
********************************************

=========================================
[Android Cipher (Enc/Dec) Tool]

Built at Sat Jul 30 10:50:05 CST 2011
=========================================

[CipherTool] Encode/decode image or generate header ... 
[CipherTool] Encryption ...
[CipherTool] mediatek/custom/jrd73_gb/security/sml_auth/SML_ENCODE_KEY.ini found
[CipherTool] Import CUSTOM_AES_256
[CipherTool] 0x41,0x33,0x31,0x32
[CipherTool] mediatek/custom/jrd73_gb/security/sml_auth/SML_ENCODE_CFG.ini found

 ------------------------------------
[CipherTool] cipher_cfg.encrypt  = 1
[CipherTool] cipher_cfg.offset   = 0
[CipherTool] cipher_cfg.length   = 102400
 ------------------------------------
signed already (0x53535353)

=========================================
[Android SignTool]

Built at Wed Jun 8 07:18:44 CST 2011
=========================================

[SignTool] Sign image ... 
[SignTool] Import CUSTOM_RSA_N
[SignTool] Import CUSTOM_RSA_D
[SignTool] Import CUSTOM_RSA_E
[SignTool] 0x9,0x2,0xA,0xA
[AUTHEN] rsa.N length = 1024 bytes
[AUTHEN] rsa.E length = 20 bytes
signed already (0x53535353)
SIGN FAIL.


********************************************
 PROCESS MODEM_E2 IMAGE 
********************************************


********************************************
 PROCESS SML DEFAULT SETTING (SDS.bin) 
********************************************

=========================================
[Android Cipher (Enc/Dec) Tool]

Built at Sat Jul 30 10:50:05 CST 2011
=========================================

[CipherTool] Encode/decode image or generate header ... 
[CipherTool] Encryption ...
[CipherTool] mediatek/custom/jrd73_gb/security/sml_auth/SML_ENCODE_KEY.ini found
[CipherTool] Import CUSTOM_AES_256
[CipherTool] 0x41,0x33,0x31,0x32
[CipherTool] mediatek/custom/jrd73_gb/security/sml_auth/SDS_ENCODE_CFG.ini found

 ------------------------------------
[CipherTool] cipher_cfg.encrypt  = 1
[CipherTool] cipher_cfg.offset   = 0
[CipherTool] cipher_cfg.length   = 0
 ------------------------------------
[CipherTool] Read 'mediatek/custom/jrd73_gb/security/sml_auth/SDS.bin'
[CipherTool] Write 'mediatek/custom/jrd73_gb/secro/C_SDS.bin'
[CipherTool] all image will be processed, cipher length = '24'

 ------------------------------------
[CipherTool] header.cust_name         = 
[CipherTool] header.image_offset      = 128
[CipherTool] header.image_length      = 24
[CipherTool] header.cipher_offset     = 0
[CipherTool] header.cipher_length     = 24
 ------------------------------------

=========================================
[Android SignTool]

Built at Wed Jun 8 07:18:44 CST 2011
=========================================

[SignTool] Sign image ... 
[SignTool] Import CUSTOM_RSA_N
[SignTool] Import CUSTOM_RSA_D
[SignTool] Import CUSTOM_RSA_E
[SignTool] 0x9,0x2,0xA,0xA
[AUTHEN] rsa.N length = 1024 bytes
[AUTHEN] rsa.E length = 20 bytes

 ------------------------------------
[SignTool] header.cust_name         = CUST
[SignTool] header.image_version     = 1
[SignTool] header.image_offset      = 64
[SignTool] header.image_length      = 160
[SignTool] header.sign_offset       = 0
[SignTool] header.sign_length       = 160
[SignTool] header.hash_sig_offset   = 224
[SignTool] header.hash_sig_length   = 148
 ------------------------------------

[SignTool] Read mediatek/custom/jrd73_gb/secro/C_SDS.bin (160)
[SignTool] 0x53,0x53,0x53,0x53
[SignTool] 0x63,0x63,0x63,0x63

[AUTHEN] sign image ... pass

[AUTHEN] output signature: 
 ------------------------------------
0x24,0x64,0x9a,0xd1,0x1e,0xcc,0x3b,0x4e,0xa6,0x39,0x91,0xfa,0x1b,0x95,0xa6,0x8f,0x88,0xd3,0xa3,0xbf,0x7e,0x82,0x94,0x79,0xdd,0x0f,0xdb,0x30,0x6f,0xd7,0x58,0x75,0x4f,0x29,0xa1,0x9e,0x41,0x4b,0x4d,0xe3,0x72,0xec,0x4c,0xd8,0x02,0x58,0x46,0x47,0x66,0x0a,0xa0,0x75,0x43,0x73,0xb1,0x2e,0x27,0xc1,0x1e,0xc8,0x86,0xbe,0x53,0x38,0xd5,0x42,0xf4,0x4b,0x97,0xca,0x10,0x0e,0xda,0xbb,0xec,0x6c,0x15,0x9d,0xc7,0xc6,0xde,0x50,0x85,0xc4,0xb1,0xf0,0xc0,0x69,0xea,0xc3,0xcb,0xa8,0xab,0x06,0xd4,0x46,0x31,0x9d,0x4e,0x12,0x98,0x44,0xf1,0x1a,0x3c,0x89,0x23,0x3f,0xc3,0xbf,0x04,0x72,0xdf,0xb1,0x5a,0x1d,0xea,0xf5,0x0f,0xcd,0x04,0xfe,0x69,0xb6,0x60,0x57,0x36,0x03

[AUTHEN] verify signature... pass
[SignTool] Hash value : 
0x63,0x56,0x7b,0x53,0xe5,0x12,0x3,0x69,0xbf,0x40,0xe6,0x8a,0xfe,0x52,0x9c,0xc8,0x7d,0x76,0xe6,0x3,


********************************************
 PROCESS SECFL.ini 
********************************************


*** Sign ANDROID Secure File List ***


=========================================
[Android SignTool]

Built at Wed Jun 8 07:18:44 CST 2011
=========================================

[SignTool] Sign image ... 
[SignTool] Import CUSTOM_RSA_N
[SignTool] Import CUSTOM_RSA_D
[SignTool] Import CUSTOM_RSA_E
[SignTool] 0x5,0xF,0xF,0xF
[AUTHEN] rsa.N length = 1024 bytes
[AUTHEN] rsa.E length = 20 bytes

 ------------------------------------
[SignTool] header.cust_name         = CUST
[SignTool] header.image_version     = 1
[SignTool] header.image_offset      = 64
[SignTool] header.image_length      = 58
[SignTool] header.sign_offset       = 0
[SignTool] header.sign_length       = 58
[SignTool] header.hash_sig_offset   = 122
[SignTool] header.hash_sig_length   = 148
 ------------------------------------

[SignTool] Read mediatek/custom/jrd73_gb/security/sec_file_list/ANDRO_SFL.ini (58)
[SignTool] 0x53,0x53,0x53,0x53
[SignTool] 0x5b,0x2f,0x73,0x79

[AUTHEN] sign image ... pass

[AUTHEN] output signature: 
 ------------------------------------
0x10,0x6c,0x3a,0xfc,0x73,0x24,0x89,0xc9,0x8c,0xbc,0x45,0x5d,0xeb,0xef,0xed,0x44,0xbc,0xff,0x24,0x7d,0xa6,0x11,0x21,0x23,0xf8,0xa0,0x0b,0xc1,0x0b,0xf2,0xf6,0x1c,0x19,0xea,0xee,0x5e,0xf3,0x2c,0x97,0x0e,0x7c,0x43,0xe9,0xa1,0xc0,0xd3,0x56,0x1b,0x40,0x92,0x5a,0x7a,0x9d,0xcc,0xaf,0xcd,0x35,0x36,0x20,0xde,0x36,0x93,0x11,0xc4,0x0a,0x90,0xc9,0x7a,0x02,0xef,0x70,0xb5,0xa2,0x40,0xb8,0x16,0x23,0x07,0xdd,0xa4,0x7c,0xa8,0x14,0x50,0xad,0xb0,0xf1,0xe3,0x49,0x96,0x72,0xc7,0x68,0xfc,0x6e,0x18,0x7a,0x0a,0xec,0x48,0x50,0x03,0x3e,0xf1,0xa0,0x40,0x83,0x7a,0x0b,0x33,0xc5,0x23,0x35,0x0a,0xac,0x8c,0x55,0xd7,0x2d,0xa1,0x54,0x7e,0x7f,0x1e,0xf5,0x67,0x00,0x9d

[AUTHEN] verify signature... pass
[SignTool] Hash value : 
0x49,0xc3,0x78,0x3e,0x45,0x45,0xf1,0xe,0xc3,0x80,0x69,0x2a,0x7e,0xd1,0xb8,0x1,0xcb,0x9f,0xf0,0x92,


*** Sign SECRO Secure File List ***

remove old file list (1) ... 

=========================================
[Android SignTool]

Built at Wed Jun 8 07:18:44 CST 2011
=========================================

[SignTool] Sign image ... 
[SignTool] Import CUSTOM_RSA_N
[SignTool] Import CUSTOM_RSA_D
[SignTool] Import CUSTOM_RSA_E
[SignTool] 0x5,0xF,0xF,0xF
[AUTHEN] rsa.N length = 1024 bytes
[AUTHEN] rsa.E length = 20 bytes

 ------------------------------------
[SignTool] header.cust_name         = CUST
[SignTool] header.image_version     = 1
[SignTool] header.image_offset      = 64
[SignTool] header.image_length      = 55
[SignTool] header.sign_offset       = 0
[SignTool] header.sign_length       = 55
[SignTool] header.hash_sig_offset   = 119
[SignTool] header.hash_sig_length   = 148
 ------------------------------------

[SignTool] Read mediatek/custom/jrd73_gb/security/sec_file_list/SECRO_SFL.ini (55)
[SignTool] 0x53,0x53,0x53,0x53
[SignTool] 0x5b,0x2f,0x73,0x79

[AUTHEN] sign image ... pass

[AUTHEN] output signature: 
 ------------------------------------
0x34,0xf9,0x4d,0x23,0x30,0xc5,0x15,0xbd,0x03,0xe5,0xbd,0xdf,0x97,0x25,0x95,0x38,0x1f,0x11,0xb5,0x17,0xa0,0xea,0xfd,0x89,0x19,0xa4,0x42,0x9e,0x3b,0x93,0x2a,0xc4,0x55,0x80,0x6f,0x04,0xb1,0x7d,0xe2,0x5b,0x35,0xd8,0x6e,0xfb,0xb5,0xd4,0x98,0x20,0xd2,0xfa,0x47,0xbb,0x75,0x85,0x55,0x85,0x5e,0x08,0x19,0x73,0xba,0x50,0x25,0xeb,0xdd,0x88,0x2b,0xe6,0x10,0x69,0xf6,0x51,0x8c,0xbe,0x31,0x69,0x97,0x84,0x9e,0xa3,0xb1,0x58,0x94,0x89,0x3a,0xd7,0x0a,0x94,0x6b,0x9d,0xb4,0x13,0xcf,0xb7,0x21,0xe2,0x95,0x15,0x7d,0xc0,0xcd,0x16,0x03,0x1f,0x42,0x1d,0x64,0x57,0x8b,0xdf,0xbc,0x05,0x7f,0xb9,0x81,0x4d,0x72,0x53,0x77,0xb3,0xc4,0xdd,0x4d,0xc0,0xe8,0xd1,0xc7,0x9c

[AUTHEN] verify signature... pass
[SignTool] Hash value : 
0x2f,0xd0,0x53,0xde,0x5,0x9d,0xfa,0x84,0x57,0x30,0x5d,0x4f,0x68,0x96,0xa6,0xbd,0x6a,0x33,0x43,0x4a,


********************************************
 CHECK PARAMETER 
********************************************
parameter check pass
MTK_SEC_MODEM_AUTH    =  no
MTK_SEC_MODEM_ENCODE  =  yes


********************************************
 PROCESS MODEM IMAGE 
********************************************

=========================================
[Android Cipher (Enc/Dec) Tool]

Built at Sat Jul 30 10:50:05 CST 2011
=========================================

[CipherTool] Encode/decode image or generate header ... 
[CipherTool] Encryption ...
[CipherTool] mediatek/custom/jrd73_gb/security/sml_auth/SML_ENCODE_KEY.ini found
[CipherTool] Import CUSTOM_AES_256
[CipherTool] 0x41,0x33,0x31,0x32
[CipherTool] mediatek/custom/jrd73_gb/security/sml_auth/SML_ENCODE_CFG.ini found

 ------------------------------------
[CipherTool] cipher_cfg.encrypt  = 1
[CipherTool] cipher_cfg.offset   = 0
[CipherTool] cipher_cfg.length   = 102400
 ------------------------------------
signed already (0x53535353)

=========================================
[Android SignTool]

Built at Wed Jun 8 07:18:44 CST 2011
=========================================

[SignTool] Sign image ... 
[SignTool] Import CUSTOM_RSA_N
[SignTool] Import CUSTOM_RSA_D
[SignTool] Import CUSTOM_RSA_E
[SignTool] 0x9,0x2,0xA,0xA
[AUTHEN] rsa.N length = 1024 bytes
[AUTHEN] rsa.E length = 20 bytes
signed already (0x53535353)
SIGN FAIL.


********************************************
 PROCESS MODEM_E2 IMAGE 
********************************************


********************************************
 PROCESS SML DEFAULT SETTING (SDS.bin) 
********************************************

=========================================
[Android Cipher (Enc/Dec) Tool]

Built at Sat Jul 30 10:50:05 CST 2011
=========================================

[CipherTool] Encode/decode image or generate header ... 
[CipherTool] Encryption ...
[CipherTool] mediatek/custom/jrd73_gb/security/sml_auth/SML_ENCODE_KEY.ini found
[CipherTool] Import CUSTOM_AES_256
[CipherTool] 0x41,0x33,0x31,0x32
[CipherTool] mediatek/custom/jrd73_gb/security/sml_auth/SDS_ENCODE_CFG.ini found

 ------------------------------------
[CipherTool] cipher_cfg.encrypt  = 1
[CipherTool] cipher_cfg.offset   = 0
[CipherTool] cipher_cfg.length   = 0
 ------------------------------------
[CipherTool] Read 'mediatek/custom/jrd73_gb/security/sml_auth/SDS.bin'
[CipherTool] Write 'mediatek/custom/jrd73_gb/secro/C_SDS.bin'
[CipherTool] all image will be processed, cipher length = '24'

 ------------------------------------
[CipherTool] header.cust_name         = 
[CipherTool] header.image_offset      = 128
[CipherTool] header.image_length      = 24
[CipherTool] header.cipher_offset     = 0
[CipherTool] header.cipher_length     = 24
 ------------------------------------

=========================================
[Android SignTool]

Built at Wed Jun 8 07:18:44 CST 2011
=========================================

[SignTool] Sign image ... 
[SignTool] Import CUSTOM_RSA_N
[SignTool] Import CUSTOM_RSA_D
[SignTool] Import CUSTOM_RSA_E
[SignTool] 0x9,0x2,0xA,0xA
[AUTHEN] rsa.N length = 1024 bytes
[AUTHEN] rsa.E length = 20 bytes

 ------------------------------------
[SignTool] header.cust_name         = CUST
[SignTool] header.image_version     = 1
[SignTool] header.image_offset      = 64
[SignTool] header.image_length      = 160
[SignTool] header.sign_offset       = 0
[SignTool] header.sign_length       = 160
[SignTool] header.hash_sig_offset   = 224
[SignTool] header.hash_sig_length   = 148
 ------------------------------------

[SignTool] Read mediatek/custom/jrd73_gb/secro/C_SDS.bin (160)
[SignTool] 0x53,0x53,0x53,0x53
[SignTool] 0x63,0x63,0x63,0x63

[AUTHEN] sign image ... pass

[AUTHEN] output signature: 
 ------------------------------------
0x24,0x64,0x9a,0xd1,0x1e,0xcc,0x3b,0x4e,0xa6,0x39,0x91,0xfa,0x1b,0x95,0xa6,0x8f,0x88,0xd3,0xa3,0xbf,0x7e,0x82,0x94,0x79,0xdd,0x0f,0xdb,0x30,0x6f,0xd7,0x58,0x75,0x4f,0x29,0xa1,0x9e,0x41,0x4b,0x4d,0xe3,0x72,0xec,0x4c,0xd8,0x02,0x58,0x46,0x47,0x66,0x0a,0xa0,0x75,0x43,0x73,0xb1,0x2e,0x27,0xc1,0x1e,0xc8,0x86,0xbe,0x53,0x38,0xd5,0x42,0xf4,0x4b,0x97,0xca,0x10,0x0e,0xda,0xbb,0xec,0x6c,0x15,0x9d,0xc7,0xc6,0xde,0x50,0x85,0xc4,0xb1,0xf0,0xc0,0x69,0xea,0xc3,0xcb,0xa8,0xab,0x06,0xd4,0x46,0x31,0x9d,0x4e,0x12,0x98,0x44,0xf1,0x1a,0x3c,0x89,0x23,0x3f,0xc3,0xbf,0x04,0x72,0xdf,0xb1,0x5a,0x1d,0xea,0xf5,0x0f,0xcd,0x04,0xfe,0x69,0xb6,0x60,0x57,0x36,0x03

[AUTHEN] verify signature... pass
[SignTool] Hash value : 
0x63,0x56,0x7b,0x53,0xe5,0x12,0x3,0x69,0xbf,0x40,0xe6,0x8a,0xfe,0x52,0x9c,0xc8,0x7d,0x76,0xe6,0x3,


********************************************
 PROCESS SECFL.ini 
********************************************


*** Sign ANDROID Secure File List ***

remove old file list (1) ... 

=========================================
[Android SignTool]

Built at Wed Jun 8 07:18:44 CST 2011
=========================================

[SignTool] Sign image ... 
[SignTool] Import CUSTOM_RSA_N
[SignTool] Import CUSTOM_RSA_D
[SignTool] Import CUSTOM_RSA_E
[SignTool] 0x5,0xF,0xF,0xF
[AUTHEN] rsa.N length = 1024 bytes
[AUTHEN] rsa.E length = 20 bytes

 ------------------------------------
[SignTool] header.cust_name         = CUST
[SignTool] header.image_version     = 1
[SignTool] header.image_offset      = 64
[SignTool] header.image_length      = 58
[SignTool] header.sign_offset       = 0
[SignTool] header.sign_length       = 58
[SignTool] header.hash_sig_offset   = 122
[SignTool] header.hash_sig_length   = 148
 ------------------------------------

[SignTool] Read mediatek/custom/jrd73_gb/security/sec_file_list/ANDRO_SFL.ini (58)
[SignTool] 0x53,0x53,0x53,0x53
[SignTool] 0x5b,0x2f,0x73,0x79

[AUTHEN] sign image ... pass

[AUTHEN] output signature: 
 ------------------------------------
0x10,0x6c,0x3a,0xfc,0x73,0x24,0x89,0xc9,0x8c,0xbc,0x45,0x5d,0xeb,0xef,0xed,0x44,0xbc,0xff,0x24,0x7d,0xa6,0x11,0x21,0x23,0xf8,0xa0,0x0b,0xc1,0x0b,0xf2,0xf6,0x1c,0x19,0xea,0xee,0x5e,0xf3,0x2c,0x97,0x0e,0x7c,0x43,0xe9,0xa1,0xc0,0xd3,0x56,0x1b,0x40,0x92,0x5a,0x7a,0x9d,0xcc,0xaf,0xcd,0x35,0x36,0x20,0xde,0x36,0x93,0x11,0xc4,0x0a,0x90,0xc9,0x7a,0x02,0xef,0x70,0xb5,0xa2,0x40,0xb8,0x16,0x23,0x07,0xdd,0xa4,0x7c,0xa8,0x14,0x50,0xad,0xb0,0xf1,0xe3,0x49,0x96,0x72,0xc7,0x68,0xfc,0x6e,0x18,0x7a,0x0a,0xec,0x48,0x50,0x03,0x3e,0xf1,0xa0,0x40,0x83,0x7a,0x0b,0x33,0xc5,0x23,0x35,0x0a,0xac,0x8c,0x55,0xd7,0x2d,0xa1,0x54,0x7e,0x7f,0x1e,0xf5,0x67,0x00,0x9d

[AUTHEN] verify signature... pass
[SignTool] Hash value : 
0x49,0xc3,0x78,0x3e,0x45,0x45,0xf1,0xe,0xc3,0x80,0x69,0x2a,0x7e,0xd1,0xb8,0x1,0xcb,0x9f,0xf0,0x92,


*** Sign SECRO Secure File List ***

remove old file list (1) ... 
remove old file list (2) ... 

=========================================
[Android SignTool]

Built at Wed Jun 8 07:18:44 CST 2011
=========================================

[SignTool] Sign image ... 
[SignTool] Import CUSTOM_RSA_N
[SignTool] Import CUSTOM_RSA_D
[SignTool] Import CUSTOM_RSA_E
[SignTool] 0x5,0xF,0xF,0xF
[AUTHEN] rsa.N length = 1024 bytes
[AUTHEN] rsa.E length = 20 bytes

 ------------------------------------
[SignTool] header.cust_name         = CUST
[SignTool] header.image_version     = 1
[SignTool] header.image_offset      = 64
[SignTool] header.image_length      = 55
[SignTool] header.sign_offset       = 0
[SignTool] header.sign_length       = 55
[SignTool] header.hash_sig_offset   = 119
[SignTool] header.hash_sig_length   = 148
 ------------------------------------

[SignTool] Read mediatek/custom/jrd73_gb/security/sec_file_list/SECRO_SFL.ini (55)
[SignTool] 0x53,0x53,0x53,0x53
[SignTool] 0x5b,0x2f,0x73,0x79

[AUTHEN] sign image ... pass

[AUTHEN] output signature: 
 ------------------------------------
0x34,0xf9,0x4d,0x23,0x30,0xc5,0x15,0xbd,0x03,0xe5,0xbd,0xdf,0x97,0x25,0x95,0x38,0x1f,0x11,0xb5,0x17,0xa0,0xea,0xfd,0x89,0x19,0xa4,0x42,0x9e,0x3b,0x93,0x2a,0xc4,0x55,0x80,0x6f,0x04,0xb1,0x7d,0xe2,0x5b,0x35,0xd8,0x6e,0xfb,0xb5,0xd4,0x98,0x20,0xd2,0xfa,0x47,0xbb,0x75,0x85,0x55,0x85,0x5e,0x08,0x19,0x73,0xba,0x50,0x25,0xeb,0xdd,0x88,0x2b,0xe6,0x10,0x69,0xf6,0x51,0x8c,0xbe,0x31,0x69,0x97,0x84,0x9e,0xa3,0xb1,0x58,0x94,0x89,0x3a,0xd7,0x0a,0x94,0x6b,0x9d,0xb4,0x13,0xcf,0xb7,0x21,0xe2,0x95,0x15,0x7d,0xc0,0xcd,0x16,0x03,0x1f,0x42,0x1d,0x64,0x57,0x8b,0xdf,0xbc,0x05,0x7f,0xb9,0x81,0x4d,0x72,0x53,0x77,0xb3,0xc4,0xdd,0x4d,0xc0,0xe8,0xd1,0xc7,0x9c

[AUTHEN] verify signature... pass
[SignTool] Hash value : 
0x2f,0xd0,0x53,0xde,0x5,0x9d,0xfa,0x84,0x57,0x30,0x5d,0x4f,0x68,0x96,0xa6,0xbd,0x6a,0x33,0x43,0x4a,


********************************************
 CHECK PARAMETER 
********************************************
parameter check pass
MTK_SEC_MODEM_AUTH    =  no
MTK_SEC_MODEM_ENCODE  =  yes


********************************************
 PROCESS MODEM IMAGE 
********************************************

=========================================
[Android Cipher (Enc/Dec) Tool]

Built at Sat Jul 30 10:50:05 CST 2011
=========================================

[CipherTool] Encode/decode image or generate header ... 
[CipherTool] Encryption ...
[CipherTool] mediatek/custom/jrd73_gb/security/sml_auth/SML_ENCODE_KEY.ini found
[CipherTool] Import CUSTOM_AES_256
[CipherTool] 0x41,0x33,0x31,0x32
[CipherTool] mediatek/custom/jrd73_gb/security/sml_auth/SML_ENCODE_CFG.ini found

 ------------------------------------
[CipherTool] cipher_cfg.encrypt  = 1
[CipherTool] cipher_cfg.offset   = 0
[CipherTool] cipher_cfg.length   = 102400
 ------------------------------------
signed already (0x53535353)

=========================================
[Android SignTool]

Built at Wed Jun 8 07:18:44 CST 2011
=========================================

[SignTool] Sign image ... 
[SignTool] Import CUSTOM_RSA_N
[SignTool] Import CUSTOM_RSA_D
[SignTool] Import CUSTOM_RSA_E
[SignTool] 0x9,0x2,0xA,0xA
[AUTHEN] rsa.N length = 1024 bytes
[AUTHEN] rsa.E length = 20 bytes
signed already (0x53535353)
SIGN FAIL.


********************************************
 PROCESS MODEM_E2 IMAGE 
********************************************


********************************************
 PROCESS SML DEFAULT SETTING (SDS.bin) 
********************************************

=========================================
[Android Cipher (Enc/Dec) Tool]

Built at Sat Jul 30 10:50:05 CST 2011
=========================================

[CipherTool] Encode/decode image or generate header ... 
[CipherTool] Encryption ...
[CipherTool] mediatek/custom/jrd73_gb/security/sml_auth/SML_ENCODE_KEY.ini found
[CipherTool] Import CUSTOM_AES_256
[CipherTool] 0x41,0x33,0x31,0x32
[CipherTool] mediatek/custom/jrd73_gb/security/sml_auth/SDS_ENCODE_CFG.ini found

 ------------------------------------
[CipherTool] cipher_cfg.encrypt  = 1
[CipherTool] cipher_cfg.offset   = 0
[CipherTool] cipher_cfg.length   = 0
 ------------------------------------
[CipherTool] Read 'mediatek/custom/jrd73_gb/security/sml_auth/SDS.bin'
[CipherTool] Write 'mediatek/custom/jrd73_gb/secro/C_SDS.bin'
[CipherTool] all image will be processed, cipher length = '24'

 ------------------------------------
[CipherTool] header.cust_name         = 
[CipherTool] header.image_offset      = 128
[CipherTool] header.image_length      = 24
[CipherTool] header.cipher_offset     = 0
[CipherTool] header.cipher_length     = 24
 ------------------------------------

=========================================
[Android SignTool]

Built at Wed Jun 8 07:18:44 CST 2011
=========================================

[SignTool] Sign image ... 
[SignTool] Import CUSTOM_RSA_N
[SignTool] Import CUSTOM_RSA_D
[SignTool] Import CUSTOM_RSA_E
[SignTool] 0x9,0x2,0xA,0xA
[AUTHEN] rsa.N length = 1024 bytes
[AUTHEN] rsa.E length = 20 bytes

 ------------------------------------
[SignTool] header.cust_name         = CUST
[SignTool] header.image_version     = 1
[SignTool] header.image_offset      = 64
[SignTool] header.image_length      = 160
[SignTool] header.sign_offset       = 0
[SignTool] header.sign_length       = 160
[SignTool] header.hash_sig_offset   = 224
[SignTool] header.hash_sig_length   = 148
 ------------------------------------

[SignTool] Read mediatek/custom/jrd73_gb/secro/C_SDS.bin (160)
[SignTool] 0x53,0x53,0x53,0x53
[SignTool] 0x63,0x63,0x63,0x63

[AUTHEN] sign image ... pass

[AUTHEN] output signature: 
 ------------------------------------
0x24,0x64,0x9a,0xd1,0x1e,0xcc,0x3b,0x4e,0xa6,0x39,0x91,0xfa,0x1b,0x95,0xa6,0x8f,0x88,0xd3,0xa3,0xbf,0x7e,0x82,0x94,0x79,0xdd,0x0f,0xdb,0x30,0x6f,0xd7,0x58,0x75,0x4f,0x29,0xa1,0x9e,0x41,0x4b,0x4d,0xe3,0x72,0xec,0x4c,0xd8,0x02,0x58,0x46,0x47,0x66,0x0a,0xa0,0x75,0x43,0x73,0xb1,0x2e,0x27,0xc1,0x1e,0xc8,0x86,0xbe,0x53,0x38,0xd5,0x42,0xf4,0x4b,0x97,0xca,0x10,0x0e,0xda,0xbb,0xec,0x6c,0x15,0x9d,0xc7,0xc6,0xde,0x50,0x85,0xc4,0xb1,0xf0,0xc0,0x69,0xea,0xc3,0xcb,0xa8,0xab,0x06,0xd4,0x46,0x31,0x9d,0x4e,0x12,0x98,0x44,0xf1,0x1a,0x3c,0x89,0x23,0x3f,0xc3,0xbf,0x04,0x72,0xdf,0xb1,0x5a,0x1d,0xea,0xf5,0x0f,0xcd,0x04,0xfe,0x69,0xb6,0x60,0x57,0x36,0x03

[AUTHEN] verify signature... pass
[SignTool] Hash value : 
0x63,0x56,0x7b,0x53,0xe5,0x12,0x3,0x69,0xbf,0x40,0xe6,0x8a,0xfe,0x52,0x9c,0xc8,0x7d,0x76,0xe6,0x3,


********************************************
 PROCESS SECFL.ini 
********************************************


*** Sign ANDROID Secure File List ***

remove old file list (1) ... 

=========================================
[Android SignTool]

Built at Wed Jun 8 07:18:44 CST 2011
=========================================

[SignTool] Sign image ... 
[SignTool] Import CUSTOM_RSA_N
[SignTool] Import CUSTOM_RSA_D
[SignTool] Import CUSTOM_RSA_E
[SignTool] 0x5,0xF,0xF,0xF
[AUTHEN] rsa.N length = 1024 bytes
[AUTHEN] rsa.E length = 20 bytes

 ------------------------------------
[SignTool] header.cust_name         = CUST
[SignTool] header.image_version     = 1
[SignTool] header.image_offset      = 64
[SignTool] header.image_length      = 58
[SignTool] header.sign_offset       = 0
[SignTool] header.sign_length       = 58
[SignTool] header.hash_sig_offset   = 122
[SignTool] header.hash_sig_length   = 148
 ------------------------------------

[SignTool] Read mediatek/custom/jrd73_gb/security/sec_file_list/ANDRO_SFL.ini (58)
[SignTool] 0x53,0x53,0x53,0x53
[SignTool] 0x5b,0x2f,0x73,0x79

[AUTHEN] sign image ... pass

[AUTHEN] output signature: 
 ------------------------------------
0x10,0x6c,0x3a,0xfc,0x73,0x24,0x89,0xc9,0x8c,0xbc,0x45,0x5d,0xeb,0xef,0xed,0x44,0xbc,0xff,0x24,0x7d,0xa6,0x11,0x21,0x23,0xf8,0xa0,0x0b,0xc1,0x0b,0xf2,0xf6,0x1c,0x19,0xea,0xee,0x5e,0xf3,0x2c,0x97,0x0e,0x7c,0x43,0xe9,0xa1,0xc0,0xd3,0x56,0x1b,0x40,0x92,0x5a,0x7a,0x9d,0xcc,0xaf,0xcd,0x35,0x36,0x20,0xde,0x36,0x93,0x11,0xc4,0x0a,0x90,0xc9,0x7a,0x02,0xef,0x70,0xb5,0xa2,0x40,0xb8,0x16,0x23,0x07,0xdd,0xa4,0x7c,0xa8,0x14,0x50,0xad,0xb0,0xf1,0xe3,0x49,0x96,0x72,0xc7,0x68,0xfc,0x6e,0x18,0x7a,0x0a,0xec,0x48,0x50,0x03,0x3e,0xf1,0xa0,0x40,0x83,0x7a,0x0b,0x33,0xc5,0x23,0x35,0x0a,0xac,0x8c,0x55,0xd7,0x2d,0xa1,0x54,0x7e,0x7f,0x1e,0xf5,0x67,0x00,0x9d

[AUTHEN] verify signature... pass
[SignTool] Hash value : 
0x49,0xc3,0x78,0x3e,0x45,0x45,0xf1,0xe,0xc3,0x80,0x69,0x2a,0x7e,0xd1,0xb8,0x1,0xcb,0x9f,0xf0,0x92,


*** Sign SECRO Secure File List ***

remove old file list (1) ... 
remove old file list (2) ... 

=========================================
[Android SignTool]

Built at Wed Jun 8 07:18:44 CST 2011
=========================================

[SignTool] Sign image ... 
[SignTool] Import CUSTOM_RSA_N
[SignTool] Import CUSTOM_RSA_D
[SignTool] Import CUSTOM_RSA_E
[SignTool] 0x5,0xF,0xF,0xF
[AUTHEN] rsa.N length = 1024 bytes
[AUTHEN] rsa.E length = 20 bytes

 ------------------------------------
[SignTool] header.cust_name         = CUST
[SignTool] header.image_version     = 1
[SignTool] header.image_offset      = 64
[SignTool] header.image_length      = 55
[SignTool] header.sign_offset       = 0
[SignTool] header.sign_length       = 55
[SignTool] header.hash_sig_offset   = 119
[SignTool] header.hash_sig_length   = 148
 ------------------------------------

[SignTool] Read mediatek/custom/jrd73_gb/security/sec_file_list/SECRO_SFL.ini (55)
[SignTool] 0x53,0x53,0x53,0x53
[SignTool] 0x5b,0x2f,0x73,0x79

[AUTHEN] sign image ... pass

[AUTHEN] output signature: 
 ------------------------------------
0x34,0xf9,0x4d,0x23,0x30,0xc5,0x15,0xbd,0x03,0xe5,0xbd,0xdf,0x97,0x25,0x95,0x38,0x1f,0x11,0xb5,0x17,0xa0,0xea,0xfd,0x89,0x19,0xa4,0x42,0x9e,0x3b,0x93,0x2a,0xc4,0x55,0x80,0x6f,0x04,0xb1,0x7d,0xe2,0x5b,0x35,0xd8,0x6e,0xfb,0xb5,0xd4,0x98,0x20,0xd2,0xfa,0x47,0xbb,0x75,0x85,0x55,0x85,0x5e,0x08,0x19,0x73,0xba,0x50,0x25,0xeb,0xdd,0x88,0x2b,0xe6,0x10,0x69,0xf6,0x51,0x8c,0xbe,0x31,0x69,0x97,0x84,0x9e,0xa3,0xb1,0x58,0x94,0x89,0x3a,0xd7,0x0a,0x94,0x6b,0x9d,0xb4,0x13,0xcf,0xb7,0x21,0xe2,0x95,0x15,0x7d,0xc0,0xcd,0x16,0x03,0x1f,0x42,0x1d,0x64,0x57,0x8b,0xdf,0xbc,0x05,0x7f,0xb9,0x81,0x4d,0x72,0x53,0x77,0xb3,0xc4,0xdd,0x4d,0xc0,0xe8,0xd1,0xc7,0x9c

[AUTHEN] verify signature... pass
[SignTool] Hash value : 
0x2f,0xd0,0x53,0xde,0x5,0x9d,0xfa,0x84,0x57,0x30,0x5d,0x4f,0x68,0x96,0xa6,0xbd,0x6a,0x33,0x43,0x4a,


********************************************
 CHECK PARAMETER 
********************************************
parameter check pass
MTK_SEC_MODEM_AUTH    =  no
MTK_SEC_MODEM_ENCODE  =  yes


********************************************
 PROCESS MODEM IMAGE 
********************************************

=========================================
[Android Cipher (Enc/Dec) Tool]

Built at Sat Jul 30 10:50:05 CST 2011
=========================================

[CipherTool] Encode/decode image or generate header ... 
[CipherTool] Encryption ...
[CipherTool] mediatek/custom/jrd73_gb/security/sml_auth/SML_ENCODE_KEY.ini found
[CipherTool] Import CUSTOM_AES_256
[CipherTool] 0x41,0x33,0x31,0x32
[CipherTool] mediatek/custom/jrd73_gb/security/sml_auth/SML_ENCODE_CFG.ini found

 ------------------------------------
[CipherTool] cipher_cfg.encrypt  = 1
[CipherTool] cipher_cfg.offset   = 0
[CipherTool] cipher_cfg.length   = 102400
 ------------------------------------
signed already (0x53535353)

=========================================
[Android SignTool]

Built at Wed Jun 8 07:18:44 CST 2011
=========================================

[SignTool] Sign image ... 
[SignTool] Import CUSTOM_RSA_N
[SignTool] Import CUSTOM_RSA_D
[SignTool] Import CUSTOM_RSA_E
[SignTool] 0x9,0x2,0xA,0xA
[AUTHEN] rsa.N length = 1024 bytes
[AUTHEN] rsa.E length = 20 bytes
signed already (0x53535353)
SIGN FAIL.


********************************************
 PROCESS MODEM_E2 IMAGE 
********************************************


********************************************
 PROCESS SML DEFAULT SETTING (SDS.bin) 
********************************************

=========================================
[Android Cipher (Enc/Dec) Tool]

Built at Sat Jul 30 10:50:05 CST 2011
=========================================

[CipherTool] Encode/decode image or generate header ... 
[CipherTool] Encryption ...
[CipherTool] mediatek/custom/jrd73_gb/security/sml_auth/SML_ENCODE_KEY.ini found
[CipherTool] Import CUSTOM_AES_256
[CipherTool] 0x41,0x33,0x31,0x32
[CipherTool] mediatek/custom/jrd73_gb/security/sml_auth/SDS_ENCODE_CFG.ini found

 ------------------------------------
[CipherTool] cipher_cfg.encrypt  = 1
[CipherTool] cipher_cfg.offset   = 0
[CipherTool] cipher_cfg.length   = 0
 ------------------------------------
[CipherTool] Read 'mediatek/custom/jrd73_gb/security/sml_auth/SDS.bin'
[CipherTool] Write 'mediatek/custom/jrd73_gb/secro/C_SDS.bin'
[CipherTool] all image will be processed, cipher length = '24'

 ------------------------------------
[CipherTool] header.cust_name         = 
[CipherTool] header.image_offset      = 128
[CipherTool] header.image_length      = 24
[CipherTool] header.cipher_offset     = 0
[CipherTool] header.cipher_length     = 24
 ------------------------------------

=========================================
[Android SignTool]

Built at Wed Jun 8 07:18:44 CST 2011
=========================================

[SignTool] Sign image ... 
[SignTool] Import CUSTOM_RSA_N
[SignTool] Import CUSTOM_RSA_D
[SignTool] Import CUSTOM_RSA_E
[SignTool] 0x9,0x2,0xA,0xA
[AUTHEN] rsa.N length = 1024 bytes
[AUTHEN] rsa.E length = 20 bytes

 ------------------------------------
[SignTool] header.cust_name         = CUST
[SignTool] header.image_version     = 1
[SignTool] header.image_offset      = 64
[SignTool] header.image_length      = 160
[SignTool] header.sign_offset       = 0
[SignTool] header.sign_length       = 160
[SignTool] header.hash_sig_offset   = 224
[SignTool] header.hash_sig_length   = 148
 ------------------------------------

[SignTool] Read mediatek/custom/jrd73_gb/secro/C_SDS.bin (160)
[SignTool] 0x53,0x53,0x53,0x53
[SignTool] 0x63,0x63,0x63,0x63

[AUTHEN] sign image ... pass

[AUTHEN] output signature: 
 ------------------------------------
0x24,0x64,0x9a,0xd1,0x1e,0xcc,0x3b,0x4e,0xa6,0x39,0x91,0xfa,0x1b,0x95,0xa6,0x8f,0x88,0xd3,0xa3,0xbf,0x7e,0x82,0x94,0x79,0xdd,0x0f,0xdb,0x30,0x6f,0xd7,0x58,0x75,0x4f,0x29,0xa1,0x9e,0x41,0x4b,0x4d,0xe3,0x72,0xec,0x4c,0xd8,0x02,0x58,0x46,0x47,0x66,0x0a,0xa0,0x75,0x43,0x73,0xb1,0x2e,0x27,0xc1,0x1e,0xc8,0x86,0xbe,0x53,0x38,0xd5,0x42,0xf4,0x4b,0x97,0xca,0x10,0x0e,0xda,0xbb,0xec,0x6c,0x15,0x9d,0xc7,0xc6,0xde,0x50,0x85,0xc4,0xb1,0xf0,0xc0,0x69,0xea,0xc3,0xcb,0xa8,0xab,0x06,0xd4,0x46,0x31,0x9d,0x4e,0x12,0x98,0x44,0xf1,0x1a,0x3c,0x89,0x23,0x3f,0xc3,0xbf,0x04,0x72,0xdf,0xb1,0x5a,0x1d,0xea,0xf5,0x0f,0xcd,0x04,0xfe,0x69,0xb6,0x60,0x57,0x36,0x03

[AUTHEN] verify signature... pass
[SignTool] Hash value : 
0x63,0x56,0x7b,0x53,0xe5,0x12,0x3,0x69,0xbf,0x40,0xe6,0x8a,0xfe,0x52,0x9c,0xc8,0x7d,0x76,0xe6,0x3,


********************************************
 PROCESS SECFL.ini 
********************************************


*** Sign ANDROID Secure File List ***

remove old file list (1) ... 

=========================================
[Android SignTool]

Built at Wed Jun 8 07:18:44 CST 2011
=========================================

[SignTool] Sign image ... 
[SignTool] Import CUSTOM_RSA_N
[SignTool] Import CUSTOM_RSA_D
[SignTool] Import CUSTOM_RSA_E
[SignTool] 0x5,0xF,0xF,0xF
[AUTHEN] rsa.N length = 1024 bytes
[AUTHEN] rsa.E length = 20 bytes

 ------------------------------------
[SignTool] header.cust_name         = CUST
[SignTool] header.image_version     = 1
[SignTool] header.image_offset      = 64
[SignTool] header.image_length      = 58
[SignTool] header.sign_offset       = 0
[SignTool] header.sign_length       = 58
[SignTool] header.hash_sig_offset   = 122
[SignTool] header.hash_sig_length   = 148
 ------------------------------------

[SignTool] Read mediatek/custom/jrd73_gb/security/sec_file_list/ANDRO_SFL.ini (58)
[SignTool] 0x53,0x53,0x53,0x53
[SignTool] 0x5b,0x2f,0x73,0x79

[AUTHEN] sign image ... pass

[AUTHEN] output signature: 
 ------------------------------------
0x10,0x6c,0x3a,0xfc,0x73,0x24,0x89,0xc9,0x8c,0xbc,0x45,0x5d,0xeb,0xef,0xed,0x44,0xbc,0xff,0x24,0x7d,0xa6,0x11,0x21,0x23,0xf8,0xa0,0x0b,0xc1,0x0b,0xf2,0xf6,0x1c,0x19,0xea,0xee,0x5e,0xf3,0x2c,0x97,0x0e,0x7c,0x43,0xe9,0xa1,0xc0,0xd3,0x56,0x1b,0x40,0x92,0x5a,0x7a,0x9d,0xcc,0xaf,0xcd,0x35,0x36,0x20,0xde,0x36,0x93,0x11,0xc4,0x0a,0x90,0xc9,0x7a,0x02,0xef,0x70,0xb5,0xa2,0x40,0xb8,0x16,0x23,0x07,0xdd,0xa4,0x7c,0xa8,0x14,0x50,0xad,0xb0,0xf1,0xe3,0x49,0x96,0x72,0xc7,0x68,0xfc,0x6e,0x18,0x7a,0x0a,0xec,0x48,0x50,0x03,0x3e,0xf1,0xa0,0x40,0x83,0x7a,0x0b,0x33,0xc5,0x23,0x35,0x0a,0xac,0x8c,0x55,0xd7,0x2d,0xa1,0x54,0x7e,0x7f,0x1e,0xf5,0x67,0x00,0x9d

[AUTHEN] verify signature... pass
[SignTool] Hash value : 
0x49,0xc3,0x78,0x3e,0x45,0x45,0xf1,0xe,0xc3,0x80,0x69,0x2a,0x7e,0xd1,0xb8,0x1,0xcb,0x9f,0xf0,0x92,


*** Sign SECRO Secure File List ***

remove old file list (1) ... 
remove old file list (2) ... 

=========================================
[Android SignTool]

Built at Wed Jun 8 07:18:44 CST 2011
=========================================

[SignTool] Sign image ... 
[SignTool] Import CUSTOM_RSA_N
[SignTool] Import CUSTOM_RSA_D
[SignTool] Import CUSTOM_RSA_E
[SignTool] 0x5,0xF,0xF,0xF
[AUTHEN] rsa.N length = 1024 bytes
[AUTHEN] rsa.E length = 20 bytes

 ------------------------------------
[SignTool] header.cust_name         = CUST
[SignTool] header.image_version     = 1
[SignTool] header.image_offset      = 64
[SignTool] header.image_length      = 55
[SignTool] header.sign_offset       = 0
[SignTool] header.sign_length       = 55
[SignTool] header.hash_sig_offset   = 119
[SignTool] header.hash_sig_length   = 148
 ------------------------------------

[SignTool] Read mediatek/custom/jrd73_gb/security/sec_file_list/SECRO_SFL.ini (55)
[SignTool] 0x53,0x53,0x53,0x53
[SignTool] 0x5b,0x2f,0x73,0x79

[AUTHEN] sign image ... pass

[AUTHEN] output signature: 
 ------------------------------------
0x34,0xf9,0x4d,0x23,0x30,0xc5,0x15,0xbd,0x03,0xe5,0xbd,0xdf,0x97,0x25,0x95,0x38,0x1f,0x11,0xb5,0x17,0xa0,0xea,0xfd,0x89,0x19,0xa4,0x42,0x9e,0x3b,0x93,0x2a,0xc4,0x55,0x80,0x6f,0x04,0xb1,0x7d,0xe2,0x5b,0x35,0xd8,0x6e,0xfb,0xb5,0xd4,0x98,0x20,0xd2,0xfa,0x47,0xbb,0x75,0x85,0x55,0x85,0x5e,0x08,0x19,0x73,0xba,0x50,0x25,0xeb,0xdd,0x88,0x2b,0xe6,0x10,0x69,0xf6,0x51,0x8c,0xbe,0x31,0x69,0x97,0x84,0x9e,0xa3,0xb1,0x58,0x94,0x89,0x3a,0xd7,0x0a,0x94,0x6b,0x9d,0xb4,0x13,0xcf,0xb7,0x21,0xe2,0x95,0x15,0x7d,0xc0,0xcd,0x16,0x03,0x1f,0x42,0x1d,0x64,0x57,0x8b,0xdf,0xbc,0x05,0x7f,0xb9,0x81,0x4d,0x72,0x53,0x77,0xb3,0xc4,0xdd,0x4d,0xc0,0xe8,0xd1,0xc7,0x9c

[AUTHEN] verify signature... pass
[SignTool] Hash value : 
0x2f,0xd0,0x53,0xde,0x5,0x9d,0xfa,0x84,0x57,0x30,0x5d,0x4f,0x68,0x96,0xa6,0xbd,0x6a,0x33,0x43,0x4a,


********************************************
 CHECK PARAMETER 
********************************************
parameter check pass
MTK_SEC_MODEM_AUTH    =  no
MTK_SEC_MODEM_ENCODE  =  yes


********************************************
 PROCESS MODEM IMAGE 
********************************************

=========================================
[Android Cipher (Enc/Dec) Tool]

Built at Sat Jul 30 10:50:05 CST 2011
=========================================

[CipherTool] Encode/decode image or generate header ... 
[CipherTool] Encryption ...
[CipherTool] mediatek/custom/jrd73_gb/security/sml_auth/SML_ENCODE_KEY.ini found
[CipherTool] Import CUSTOM_AES_256
[CipherTool] 0x41,0x33,0x31,0x32
[CipherTool] mediatek/custom/jrd73_gb/security/sml_auth/SML_ENCODE_CFG.ini found

 ------------------------------------
[CipherTool] cipher_cfg.encrypt  = 1
[CipherTool] cipher_cfg.offset   = 0
[CipherTool] cipher_cfg.length   = 102400
 ------------------------------------
signed already (0x53535353)

=========================================
[Android SignTool]

Built at Wed Jun 8 07:18:44 CST 2011
=========================================

[SignTool] Sign image ... 
[SignTool] Import CUSTOM_RSA_N
[SignTool] Import CUSTOM_RSA_D
[SignTool] Import CUSTOM_RSA_E
[SignTool] 0x9,0x2,0xA,0xA
[AUTHEN] rsa.N length = 1024 bytes
[AUTHEN] rsa.E length = 20 bytes
signed already (0x53535353)
SIGN FAIL.


********************************************
 PROCESS MODEM_E2 IMAGE 
********************************************


********************************************
 PROCESS SML DEFAULT SETTING (SDS.bin) 
********************************************

=========================================
[Android Cipher (Enc/Dec) Tool]

Built at Sat Jul 30 10:50:05 CST 2011
=========================================

[CipherTool] Encode/decode image or generate header ... 
[CipherTool] Encryption ...
[CipherTool] mediatek/custom/jrd73_gb/security/sml_auth/SML_ENCODE_KEY.ini found
[CipherTool] Import CUSTOM_AES_256
[CipherTool] 0x41,0x33,0x31,0x32
[CipherTool] mediatek/custom/jrd73_gb/security/sml_auth/SDS_ENCODE_CFG.ini found

 ------------------------------------
[CipherTool] cipher_cfg.encrypt  = 1
[CipherTool] cipher_cfg.offset   = 0
[CipherTool] cipher_cfg.length   = 0
 ------------------------------------
[CipherTool] Read 'mediatek/custom/jrd73_gb/security/sml_auth/SDS.bin'
[CipherTool] Write 'mediatek/custom/jrd73_gb/secro/C_SDS.bin'
[CipherTool] all image will be processed, cipher length = '24'

 ------------------------------------
[CipherTool] header.cust_name         = 
[CipherTool] header.image_offset      = 128
[CipherTool] header.image_length      = 24
[CipherTool] header.cipher_offset     = 0
[CipherTool] header.cipher_length     = 24
 ------------------------------------

=========================================
[Android SignTool]

Built at Wed Jun 8 07:18:44 CST 2011
=========================================

[SignTool] Sign image ... 
[SignTool] Import CUSTOM_RSA_N
[SignTool] Import CUSTOM_RSA_D
[SignTool] Import CUSTOM_RSA_E
[SignTool] 0x9,0x2,0xA,0xA
[AUTHEN] rsa.N length = 1024 bytes
[AUTHEN] rsa.E length = 20 bytes

 ------------------------------------
[SignTool] header.cust_name         = CUST
[SignTool] header.image_version     = 1
[SignTool] header.image_offset      = 64
[SignTool] header.image_length      = 160
[SignTool] header.sign_offset       = 0
[SignTool] header.sign_length       = 160
[SignTool] header.hash_sig_offset   = 224
[SignTool] header.hash_sig_length   = 148
 ------------------------------------

[SignTool] Read mediatek/custom/jrd73_gb/secro/C_SDS.bin (160)
[SignTool] 0x53,0x53,0x53,0x53
[SignTool] 0x63,0x63,0x63,0x63

[AUTHEN] sign image ... pass

[AUTHEN] output signature: 
 ------------------------------------
0x24,0x64,0x9a,0xd1,0x1e,0xcc,0x3b,0x4e,0xa6,0x39,0x91,0xfa,0x1b,0x95,0xa6,0x8f,0x88,0xd3,0xa3,0xbf,0x7e,0x82,0x94,0x79,0xdd,0x0f,0xdb,0x30,0x6f,0xd7,0x58,0x75,0x4f,0x29,0xa1,0x9e,0x41,0x4b,0x4d,0xe3,0x72,0xec,0x4c,0xd8,0x02,0x58,0x46,0x47,0x66,0x0a,0xa0,0x75,0x43,0x73,0xb1,0x2e,0x27,0xc1,0x1e,0xc8,0x86,0xbe,0x53,0x38,0xd5,0x42,0xf4,0x4b,0x97,0xca,0x10,0x0e,0xda,0xbb,0xec,0x6c,0x15,0x9d,0xc7,0xc6,0xde,0x50,0x85,0xc4,0xb1,0xf0,0xc0,0x69,0xea,0xc3,0xcb,0xa8,0xab,0x06,0xd4,0x46,0x31,0x9d,0x4e,0x12,0x98,0x44,0xf1,0x1a,0x3c,0x89,0x23,0x3f,0xc3,0xbf,0x04,0x72,0xdf,0xb1,0x5a,0x1d,0xea,0xf5,0x0f,0xcd,0x04,0xfe,0x69,0xb6,0x60,0x57,0x36,0x03

[AUTHEN] verify signature... pass
[SignTool] Hash value : 
0x63,0x56,0x7b,0x53,0xe5,0x12,0x3,0x69,0xbf,0x40,0xe6,0x8a,0xfe,0x52,0x9c,0xc8,0x7d,0x76,0xe6,0x3,


********************************************
 PROCESS SECFL.ini 
********************************************


*** Sign ANDROID Secure File List ***

remove old file list (1) ... 

=========================================
[Android SignTool]

Built at Wed Jun 8 07:18:44 CST 2011
=========================================

[SignTool] Sign image ... 
[SignTool] Import CUSTOM_RSA_N
[SignTool] Import CUSTOM_RSA_D
[SignTool] Import CUSTOM_RSA_E
[SignTool] 0x5,0xF,0xF,0xF
[AUTHEN] rsa.N length = 1024 bytes
[AUTHEN] rsa.E length = 20 bytes

 ------------------------------------
[SignTool] header.cust_name         = CUST
[SignTool] header.image_version     = 1
[SignTool] header.image_offset      = 64
[SignTool] header.image_length      = 58
[SignTool] header.sign_offset       = 0
[SignTool] header.sign_length       = 58
[SignTool] header.hash_sig_offset   = 122
[SignTool] header.hash_sig_length   = 148
 ------------------------------------

[SignTool] Read mediatek/custom/jrd73_gb/security/sec_file_list/ANDRO_SFL.ini (58)
[SignTool] 0x53,0x53,0x53,0x53
[SignTool] 0x5b,0x2f,0x73,0x79

[AUTHEN] sign image ... pass

[AUTHEN] output signature: 
 ------------------------------------
0x10,0x6c,0x3a,0xfc,0x73,0x24,0x89,0xc9,0x8c,0xbc,0x45,0x5d,0xeb,0xef,0xed,0x44,0xbc,0xff,0x24,0x7d,0xa6,0x11,0x21,0x23,0xf8,0xa0,0x0b,0xc1,0x0b,0xf2,0xf6,0x1c,0x19,0xea,0xee,0x5e,0xf3,0x2c,0x97,0x0e,0x7c,0x43,0xe9,0xa1,0xc0,0xd3,0x56,0x1b,0x40,0x92,0x5a,0x7a,0x9d,0xcc,0xaf,0xcd,0x35,0x36,0x20,0xde,0x36,0x93,0x11,0xc4,0x0a,0x90,0xc9,0x7a,0x02,0xef,0x70,0xb5,0xa2,0x40,0xb8,0x16,0x23,0x07,0xdd,0xa4,0x7c,0xa8,0x14,0x50,0xad,0xb0,0xf1,0xe3,0x49,0x96,0x72,0xc7,0x68,0xfc,0x6e,0x18,0x7a,0x0a,0xec,0x48,0x50,0x03,0x3e,0xf1,0xa0,0x40,0x83,0x7a,0x0b,0x33,0xc5,0x23,0x35,0x0a,0xac,0x8c,0x55,0xd7,0x2d,0xa1,0x54,0x7e,0x7f,0x1e,0xf5,0x67,0x00,0x9d

[AUTHEN] verify signature... pass
[SignTool] Hash value : 
0x49,0xc3,0x78,0x3e,0x45,0x45,0xf1,0xe,0xc3,0x80,0x69,0x2a,0x7e,0xd1,0xb8,0x1,0xcb,0x9f,0xf0,0x92,


*** Sign SECRO Secure File List ***

remove old file list (1) ... 
remove old file list (2) ... 

=========================================
[Android SignTool]

Built at Wed Jun 8 07:18:44 CST 2011
=========================================

[SignTool] Sign image ... 
[SignTool] Import CUSTOM_RSA_N
[SignTool] Import CUSTOM_RSA_D
[SignTool] Import CUSTOM_RSA_E
[SignTool] 0x5,0xF,0xF,0xF
[AUTHEN] rsa.N length = 1024 bytes
[AUTHEN] rsa.E length = 20 bytes

 ------------------------------------
[SignTool] header.cust_name         = CUST
[SignTool] header.image_version     = 1
[SignTool] header.image_offset      = 64
[SignTool] header.image_length      = 55
[SignTool] header.sign_offset       = 0
[SignTool] header.sign_length       = 55
[SignTool] header.hash_sig_offset   = 119
[SignTool] header.hash_sig_length   = 148
 ------------------------------------

[SignTool] Read mediatek/custom/jrd73_gb/security/sec_file_list/SECRO_SFL.ini (55)
[SignTool] 0x53,0x53,0x53,0x53
[SignTool] 0x5b,0x2f,0x73,0x79

[AUTHEN] sign image ... pass

[AUTHEN] output signature: 
 ------------------------------------
0x34,0xf9,0x4d,0x23,0x30,0xc5,0x15,0xbd,0x03,0xe5,0xbd,0xdf,0x97,0x25,0x95,0x38,0x1f,0x11,0xb5,0x17,0xa0,0xea,0xfd,0x89,0x19,0xa4,0x42,0x9e,0x3b,0x93,0x2a,0xc4,0x55,0x80,0x6f,0x04,0xb1,0x7d,0xe2,0x5b,0x35,0xd8,0x6e,0xfb,0xb5,0xd4,0x98,0x20,0xd2,0xfa,0x47,0xbb,0x75,0x85,0x55,0x85,0x5e,0x08,0x19,0x73,0xba,0x50,0x25,0xeb,0xdd,0x88,0x2b,0xe6,0x10,0x69,0xf6,0x51,0x8c,0xbe,0x31,0x69,0x97,0x84,0x9e,0xa3,0xb1,0x58,0x94,0x89,0x3a,0xd7,0x0a,0x94,0x6b,0x9d,0xb4,0x13,0xcf,0xb7,0x21,0xe2,0x95,0x15,0x7d,0xc0,0xcd,0x16,0x03,0x1f,0x42,0x1d,0x64,0x57,0x8b,0xdf,0xbc,0x05,0x7f,0xb9,0x81,0x4d,0x72,0x53,0x77,0xb3,0xc4,0xdd,0x4d,0xc0,0xe8,0xd1,0xc7,0x9c

[AUTHEN] verify signature... pass
[SignTool] Hash value : 
0x2f,0xd0,0x53,0xde,0x5,0x9d,0xfa,0x84,0x57,0x30,0x5d,0x4f,0x68,0x96,0xa6,0xbd,0x6a,0x33,0x43,0x4a,
